#-----------------------------------------------------------
# Vivado v2024.1 (64-bit)
# SW Build 5076996 on Wed May 22 18:37:14 MDT 2024
# IP Build 5075265 on Wed May 22 21:45:21 MDT 2024
# SharedData Build 5076995 on Wed May 22 18:29:18 MDT 2024
# Start of session at: Tue Jul 22 16:22:54 2025
# Process ID: 28824
# Current directory: G:/IC Desing/IC-desing/Proyecto PONG/Anteproyectos para pong/Project 8 - UART Transmitter
# Command line: vivado.exe -gui_launcher_event rodinguilauncherevent27472 G:\IC Desing\IC-desing\Proyecto PONG\Anteproyectos para pong\Project 8 - UART Transmitter\Project 8 - UART Transmitter.xpr
# Log file: G:/IC Desing/IC-desing/Proyecto PONG/Anteproyectos para pong/Project 8 - UART Transmitter/vivado.log
# Journal file: G:/IC Desing/IC-desing/Proyecto PONG/Anteproyectos para pong/Project 8 - UART Transmitter\vivado.jou
# Running On        :KASHJJ-PC
# Platform          :Windows Server 2016 or Windows 10
# Operating System  :26100
# Processor Detail  :12th Gen Intel(R) Core(TM) i5-12600K
# CPU Frequency     :3686 MHz
# CPU Physical cores:10
# CPU Logical cores :16
# Host memory       :16980 MB
# Swap memory       :18253 MB
# Total Virtual     :35234 MB
# Available Virtual :14334 MB
#-----------------------------------------------------------
start_gui
open_project {G:/IC Desing/IC-desing/Proyecto PONG/Anteproyectos para pong/Project 8 - UART Transmitter/Project 8 - UART Transmitter.xpr}
INFO: [ProjectBase 1-489] The host OS only allows 260 characters in a normal path. The project is stored in a path with more than 80 characters. If you experience issues with IP, Block Designs, or files not being found, please consider moving the project to a location with a shorter path. Alternately consider using the OS subst command to map part of the path to a drive letter.
Current project path is 'G:/IC Desing/IC-desing/Proyecto PONG/Anteproyectos para pong/Project 8 - UART Transmitter'
WARNING: [Board 49-26] cannot add Board Part xilinx.com:vek280_es:part0:1.0 available at G:/Vivado/Vivado/2024.1/data/xhub/boards/XilinxBoardStore/boards/Xilinx/vek280/es/rev_a/1.0/board.xml as part xcve2802-vsvh1760-2lp-e-s-es1 specified in board_part file is either invalid or not available
WARNING: [Board 49-26] cannot add Board Part xilinx.com:vek280_es:part0:1.1 available at G:/Vivado/Vivado/2024.1/data/xhub/boards/XilinxBoardStore/boards/Xilinx/vek280/es/rev_a/1.1/board.xml as part xcve2802-vsvh1760-2lp-e-s-es1 specified in board_part file is either invalid or not available
WARNING: [Board 49-26] cannot add Board Part xilinx.com:vek280_es_revb:part0:1.0 available at G:/Vivado/Vivado/2024.1/data/xhub/boards/XilinxBoardStore/boards/Xilinx/vek280/es/rev_b/1.0/board.xml as part xcve2802-vsvh1760-2mp-e-s-es1 specified in board_part file is either invalid or not available
WARNING: [Board 49-26] cannot add Board Part xilinx.com:vek280_es_revb:part0:1.1 available at G:/Vivado/Vivado/2024.1/data/xhub/boards/XilinxBoardStore/boards/Xilinx/vek280/es/rev_b/1.1/board.xml as part xcve2802-vsvh1760-2mp-e-s-es1 specified in board_part file is either invalid or not available
WARNING: [Board 49-26] cannot add Board Part xilinx.com:vhk158_es:part0:1.0 available at G:/Vivado/Vivado/2024.1/data/xhub/boards/XilinxBoardStore/boards/Xilinx/vhk158/es/1.0/board.xml as part xcvh1582-vsva3697-2mp-e-s-es1 specified in board_part file is either invalid or not available
WARNING: [Board 49-26] cannot add Board Part xilinx.com:vhk158_es:part0:1.1 available at G:/Vivado/Vivado/2024.1/data/xhub/boards/XilinxBoardStore/boards/Xilinx/vhk158/es/1.1/board.xml as part xcvh1582-vsva3697-2mp-e-s-es1 specified in board_part file is either invalid or not available
WARNING: [Board 49-26] cannot add Board Part xilinx.com:zcu208ld:part0:2.0 available at G:/Vivado/Vivado/2024.1/data/xhub/boards/XilinxBoardStore/boards/Xilinx/zcu208ld/production/2.0/board.xml as part xczu58dr-fsvg1517-2-i specified in board_part file is either invalid or not available
WARNING: [Board 49-26] cannot add Board Part xilinx.com:zcu216ld:part0:2.0 available at G:/Vivado/Vivado/2024.1/data/xhub/boards/XilinxBoardStore/boards/Xilinx/zcu216ld/production/2.0/board.xml as part xczu59dr-ffvf1760-2-i specified in board_part file is either invalid or not available
WARNING: [Board 49-26] cannot add Board Part xilinx.com:zcu670ld:part0:1.0 available at G:/Vivado/Vivado/2024.1/data/xhub/boards/XilinxBoardStore/boards/Xilinx/zcu670ld/1.0/board.xml as part xczu57dr-fsve1156-2-i specified in board_part file is either invalid or not available
INFO: [filemgmt 56-3] Default IP Output Path : Could not find the directory 'G:/IC Desing/IC-desing/Proyecto PONG/Anteproyectos para pong/Project 8 - UART Transmitter/Project 8 - UART Transmitter.gen/sources_1'.
Scanning sources...
Finished scanning sources
INFO: [IP_Flow 19-234] Refreshing IP repositories
INFO: [IP_Flow 19-1704] No user IP repositories specified
INFO: [IP_Flow 19-2313] Loaded Vivado IP repository 'G:/Vivado/Vivado/2024.1/data/ip'.
open_project: Time (s): cpu = 00:00:32 ; elapsed = 00:00:18 . Memory (MB): peak = 1721.840 ; gain = 482.875
update_compile_order -fileset sources_1
save_project_as {Project 9 - Introduction to VGA} {G:/IC Desing/IC-desing/Proyecto PONG/Anteproyectos para pong/Project 9 - Introduction to VGA} -force
INFO: [ProjectBase 1-489] The host OS only allows 260 characters in a normal path. The project is stored in a path with more than 80 characters. If you experience issues with IP, Block Designs, or files not being found, please consider moving the project to a location with a shorter path. Alternately consider using the OS subst command to map part of the path to a drive letter.
Current project path is 'G:/IC Desing/IC-desing/Proyecto PONG/Anteproyectos para pong/Project 9 - Introduction to VGA'
WARNING: [IP_Flow 19-4995] The host OS only allows 260 characters in a normal path. The IP cache path is more than 80 characters. If you experience issues with IP caching, please consider changing the IP cache to a location with a shorter path. Alternately consider using the OS subst command to map part of the path to a drive letter. 
Current IP cache path is G:/IC Desing/IC-desing/Proyecto PONG/Anteproyectos para pong/Project 9 - Introduction to VGA/Project 9 - Introduction to VGA.cache/ip 
update_files -from_files {{G:/IC Desing/IC-desing/Proyecto PONG/Anteproyectos para pong/Constraints/Constraints_Project 9.xdc}} -to_files {{G:/IC Desing/IC-desing/Proyecto PONG/Anteproyectos para pong/Constraints/Constraints_Project 8.xdc}} -filesets [get_filesets *]
INFO: [filemgmt 20-762] Replacing file 'G:/IC Desing/IC-desing/Proyecto PONG/Anteproyectos para pong/Constraints/Constraints_Project 8.xdc' with file 'G:/IC Desing/IC-desing/Proyecto PONG/Anteproyectos para pong/Constraints/Constraints_Project 9.xdc'.
close [ open {G:/IC Desing/IC-desing/Proyecto PONG/Anteproyectos para pong/Project 9 - Introduction to VGA/Project 9 - Introduction to VGA.srcs/sources_1/new/Sync_To_Count.sv} w ]
add_files {{G:/IC Desing/IC-desing/Proyecto PONG/Anteproyectos para pong/Project 9 - Introduction to VGA/Project 9 - Introduction to VGA.srcs/sources_1/new/Sync_To_Count.sv}}
close [ open {G:/IC Desing/IC-desing/Proyecto PONG/Anteproyectos para pong/Project 9 - Introduction to VGA/Project 9 - Introduction to VGA.srcs/sources_1/new/Test_Pattern_Gen.sv} w ]
add_files {{G:/IC Desing/IC-desing/Proyecto PONG/Anteproyectos para pong/Project 9 - Introduction to VGA/Project 9 - Introduction to VGA.srcs/sources_1/new/Test_Pattern_Gen.sv}}
close [ open {G:/IC Desing/IC-desing/Proyecto PONG/Anteproyectos para pong/Project 9 - Introduction to VGA/Project 9 - Introduction to VGA.srcs/sources_1/new/VGA_Sync_Porch.sv} w ]
add_files {{G:/IC Desing/IC-desing/Proyecto PONG/Anteproyectos para pong/Project 9 - Introduction to VGA/Project 9 - Introduction to VGA.srcs/sources_1/new/VGA_Sync_Porch.sv}}
close [ open {G:/IC Desing/IC-desing/Proyecto PONG/Anteproyectos para pong/Project 9 - Introduction to VGA/Project 9 - Introduction to VGA.srcs/sources_1/new/VGA_Sync_Pulses.sv} w ]
add_files {{G:/IC Desing/IC-desing/Proyecto PONG/Anteproyectos para pong/Project 9 - Introduction to VGA/Project 9 - Introduction to VGA.srcs/sources_1/new/VGA_Sync_Pulses.sv}}
update_compile_order -fileset sources_1
WARNING: [filemgmt 56-199] Attempt to get parsing info during refresh. "On-the-fly" syntax checking information may be incorrect. [G:\IC Desing\IC-desing\Proyecto PONG\Anteproyectos para pong\Project 9 - Introduction to VGA\Project 9 - Introduction to VGA.srcs\sources_1\new\Sync_To_Count.sv:]
WARNING: [filemgmt 56-199] Attempt to get parsing info during refresh. "On-the-fly" syntax checking information may be incorrect. [G:\IC Desing\IC-desing\Proyecto PONG\Anteproyectos para pong\Project 9 - Introduction to VGA\Project 9 - Introduction to VGA.srcs\sources_1\new\VGA_Sync_Pulses.sv:]
WARNING: [filemgmt 56-199] Attempt to get parsing info during refresh. "On-the-fly" syntax checking information may be incorrect. [G:\IC Desing\IC-desing\Proyecto PONG\Anteproyectos para pong\Project 9 - Introduction to VGA\Project 9 - Introduction to VGA.srcs\sources_1\new\top.sv:]
WARNING: [filemgmt 56-199] Attempt to get parsing info during refresh. "On-the-fly" syntax checking information may be incorrect. [G:\IC Desing\IC-desing\Proyecto PONG\Anteproyectos para pong\Project 9 - Introduction to VGA\Project 9 - Introduction to VGA.srcs\sources_1\new\Sync_To_Count.sv:]
WARNING: [filemgmt 56-199] Attempt to get parsing info during refresh. "On-the-fly" syntax checking information may be incorrect. [G:\IC Desing\IC-desing\Proyecto PONG\Anteproyectos para pong\Project 9 - Introduction to VGA\Project 9 - Introduction to VGA.srcs\sources_1\new\Sync_To_Count.sv:]
WARNING: [filemgmt 56-199] Attempt to get parsing info during refresh. "On-the-fly" syntax checking information may be incorrect. [G:\IC Desing\IC-desing\Proyecto PONG\Anteproyectos para pong\Project 9 - Introduction to VGA\Project 9 - Introduction to VGA.srcs\sources_1\new\Sync_To_Count.sv:]
WARNING: [filemgmt 56-199] Attempt to get parsing info during refresh. "On-the-fly" syntax checking information may be incorrect. [G:\IC Desing\IC-desing\Proyecto PONG\Anteproyectos para pong\Project 9 - Introduction to VGA\Project 9 - Introduction to VGA.srcs\sources_1\new\VGA_Sync_Pulses.sv:]
WARNING: [filemgmt 56-199] Attempt to get parsing info during refresh. "On-the-fly" syntax checking information may be incorrect. [G:\IC Desing\IC-desing\Proyecto PONG\Anteproyectos para pong\Project 9 - Introduction to VGA\Project 9 - Introduction to VGA.srcs\sources_1\new\top.sv:]
WARNING: [filemgmt 56-199] Attempt to get parsing info during refresh. "On-the-fly" syntax checking information may be incorrect. [G:\IC Desing\IC-desing\Proyecto PONG\Anteproyectos para pong\Project 9 - Introduction to VGA\Project 9 - Introduction to VGA.srcs\sources_1\new\top.sv:]
WARNING: [filemgmt 56-199] Attempt to get parsing info during refresh. "On-the-fly" syntax checking information may be incorrect. [G:\IC Desing\IC-desing\Proyecto PONG\Anteproyectos para pong\Project 9 - Introduction to VGA\Project 9 - Introduction to VGA.srcs\sources_1\new\top.sv:]
WARNING: [filemgmt 56-199] Attempt to get parsing info during refresh. "On-the-fly" syntax checking information may be incorrect. [G:\IC Desing\IC-desing\Proyecto PONG\Anteproyectos para pong\Project 9 - Introduction to VGA\Project 9 - Introduction to VGA.srcs\sources_1\new\Sync_To_Count.sv:]
WARNING: [filemgmt 56-199] Attempt to get parsing info during refresh. "On-the-fly" syntax checking information may be incorrect. [G:\IC Desing\IC-desing\Proyecto PONG\Anteproyectos para pong\Project 9 - Introduction to VGA\Project 9 - Introduction to VGA.srcs\sources_1\new\VGA_Sync_Pulses.sv:]
WARNING: [filemgmt 56-199] Attempt to get parsing info during refresh. "On-the-fly" syntax checking information may be incorrect. [G:\IC Desing\IC-desing\Proyecto PONG\Anteproyectos para pong\Project 9 - Introduction to VGA\Project 9 - Introduction to VGA.srcs\sources_1\new\top.sv:]
WARNING: [filemgmt 56-199] Attempt to get parsing info during refresh. "On-the-fly" syntax checking information may be incorrect. [G:\IC Desing\IC-desing\Proyecto PONG\Anteproyectos para pong\Project 9 - Introduction to VGA\Project 9 - Introduction to VGA.srcs\sources_1\new\Sync_To_Count.sv:]
WARNING: [filemgmt 56-199] Attempt to get parsing info during refresh. "On-the-fly" syntax checking information may be incorrect. [G:\IC Desing\IC-desing\Proyecto PONG\Anteproyectos para pong\Project 9 - Introduction to VGA\Project 9 - Introduction to VGA.srcs\sources_1\new\Sync_To_Count.sv:]
WARNING: [filemgmt 56-199] Attempt to get parsing info during refresh. "On-the-fly" syntax checking information may be incorrect. [G:\IC Desing\IC-desing\Proyecto PONG\Anteproyectos para pong\Project 9 - Introduction to VGA\Project 9 - Introduction to VGA.srcs\sources_1\new\Sync_To_Count.sv:]
WARNING: [filemgmt 56-199] Attempt to get parsing info during refresh. "On-the-fly" syntax checking information may be incorrect. [G:\IC Desing\IC-desing\Proyecto PONG\Anteproyectos para pong\Project 9 - Introduction to VGA\Project 9 - Introduction to VGA.srcs\sources_1\new\VGA_Sync_Pulses.sv:]
WARNING: [filemgmt 56-199] Attempt to get parsing info during refresh. "On-the-fly" syntax checking information may be incorrect. [G:\IC Desing\IC-desing\Proyecto PONG\Anteproyectos para pong\Project 9 - Introduction to VGA\Project 9 - Introduction to VGA.srcs\sources_1\new\top.sv:]
WARNING: [filemgmt 56-199] Attempt to get parsing info during refresh. "On-the-fly" syntax checking information may be incorrect. [G:\IC Desing\IC-desing\Proyecto PONG\Anteproyectos para pong\Project 9 - Introduction to VGA\Project 9 - Introduction to VGA.srcs\sources_1\new\top.sv:]
WARNING: [filemgmt 56-199] Attempt to get parsing info during refresh. "On-the-fly" syntax checking information may be incorrect. [G:\IC Desing\IC-desing\Proyecto PONG\Anteproyectos para pong\Project 9 - Introduction to VGA\Project 9 - Introduction to VGA.srcs\sources_1\new\top.sv:]
WARNING: [filemgmt 56-199] Attempt to get parsing info during refresh. "On-the-fly" syntax checking information may be incorrect. [G:\IC Desing\IC-desing\Proyecto PONG\Anteproyectos para pong\Project 9 - Introduction to VGA\Project 9 - Introduction to VGA.srcs\sources_1\new\Sync_To_Count.sv:]
WARNING: [filemgmt 56-199] Attempt to get parsing info during refresh. "On-the-fly" syntax checking information may be incorrect. [G:\IC Desing\IC-desing\Proyecto PONG\Anteproyectos para pong\Project 9 - Introduction to VGA\Project 9 - Introduction to VGA.srcs\sources_1\new\VGA_Sync_Pulses.sv:]
WARNING: [filemgmt 56-199] Attempt to get parsing info during refresh. "On-the-fly" syntax checking information may be incorrect. [G:\IC Desing\IC-desing\Proyecto PONG\Anteproyectos para pong\Project 9 - Introduction to VGA\Project 9 - Introduction to VGA.srcs\sources_1\new\top.sv:]
WARNING: [filemgmt 56-199] Attempt to get parsing info during refresh. "On-the-fly" syntax checking information may be incorrect. [G:\IC Desing\IC-desing\Proyecto PONG\Anteproyectos para pong\Project 9 - Introduction to VGA\Project 9 - Introduction to VGA.srcs\sources_1\new\Sync_To_Count.sv:]
WARNING: [filemgmt 56-199] Attempt to get parsing info during refresh. "On-the-fly" syntax checking information may be incorrect. [G:\IC Desing\IC-desing\Proyecto PONG\Anteproyectos para pong\Project 9 - Introduction to VGA\Project 9 - Introduction to VGA.srcs\sources_1\new\Sync_To_Count.sv:]
WARNING: [filemgmt 56-199] Attempt to get parsing info during refresh. "On-the-fly" syntax checking information may be incorrect. [G:\IC Desing\IC-desing\Proyecto PONG\Anteproyectos para pong\Project 9 - Introduction to VGA\Project 9 - Introduction to VGA.srcs\sources_1\new\Sync_To_Count.sv:]
WARNING: [filemgmt 56-199] Attempt to get parsing info during refresh. "On-the-fly" syntax checking information may be incorrect. [G:\IC Desing\IC-desing\Proyecto PONG\Anteproyectos para pong\Project 9 - Introduction to VGA\Project 9 - Introduction to VGA.srcs\sources_1\new\VGA_Sync_Pulses.sv:]
WARNING: [filemgmt 56-199] Attempt to get parsing info during refresh. "On-the-fly" syntax checking information may be incorrect. [G:\IC Desing\IC-desing\Proyecto PONG\Anteproyectos para pong\Project 9 - Introduction to VGA\Project 9 - Introduction to VGA.srcs\sources_1\new\top.sv:]
WARNING: [filemgmt 56-199] Attempt to get parsing info during refresh. "On-the-fly" syntax checking information may be incorrect. [G:\IC Desing\IC-desing\Proyecto PONG\Anteproyectos para pong\Project 9 - Introduction to VGA\Project 9 - Introduction to VGA.srcs\sources_1\new\top.sv:]
WARNING: [filemgmt 56-199] Attempt to get parsing info during refresh. "On-the-fly" syntax checking information may be incorrect. [G:\IC Desing\IC-desing\Proyecto PONG\Anteproyectos para pong\Project 9 - Introduction to VGA\Project 9 - Introduction to VGA.srcs\sources_1\new\top.sv:]
WARNING: [filemgmt 56-199] Attempt to get parsing info during refresh. "On-the-fly" syntax checking information may be incorrect. [G:\IC Desing\IC-desing\Proyecto PONG\Anteproyectos para pong\Project 9 - Introduction to VGA\Project 9 - Introduction to VGA.srcs\sources_1\new\Sync_To_Count.sv:]
WARNING: [filemgmt 56-199] Attempt to get parsing info during refresh. "On-the-fly" syntax checking information may be incorrect. [G:\IC Desing\IC-desing\Proyecto PONG\Anteproyectos para pong\Project 9 - Introduction to VGA\Project 9 - Introduction to VGA.srcs\sources_1\new\VGA_Sync_Pulses.sv:]
WARNING: [filemgmt 56-199] Attempt to get parsing info during refresh. "On-the-fly" syntax checking information may be incorrect. [G:\IC Desing\IC-desing\Proyecto PONG\Anteproyectos para pong\Project 9 - Introduction to VGA\Project 9 - Introduction to VGA.srcs\sources_1\new\VGA_Sync_Porch.sv:]
WARNING: [filemgmt 56-199] Attempt to get parsing info during refresh. "On-the-fly" syntax checking information may be incorrect. [G:\IC Desing\IC-desing\Proyecto PONG\Anteproyectos para pong\Project 9 - Introduction to VGA\Project 9 - Introduction to VGA.srcs\sources_1\new\top.sv:]
WARNING: [filemgmt 56-199] Attempt to get parsing info during refresh. "On-the-fly" syntax checking information may be incorrect. [G:\IC Desing\IC-desing\Proyecto PONG\Anteproyectos para pong\Project 9 - Introduction to VGA\Project 9 - Introduction to VGA.srcs\sources_1\new\Sync_To_Count.sv:]
WARNING: [filemgmt 56-199] Attempt to get parsing info during refresh. "On-the-fly" syntax checking information may be incorrect. [G:\IC Desing\IC-desing\Proyecto PONG\Anteproyectos para pong\Project 9 - Introduction to VGA\Project 9 - Introduction to VGA.srcs\sources_1\new\Sync_To_Count.sv:]
WARNING: [filemgmt 56-199] Attempt to get parsing info during refresh. "On-the-fly" syntax checking information may be incorrect. [G:\IC Desing\IC-desing\Proyecto PONG\Anteproyectos para pong\Project 9 - Introduction to VGA\Project 9 - Introduction to VGA.srcs\sources_1\new\Sync_To_Count.sv:]
WARNING: [filemgmt 56-199] Attempt to get parsing info during refresh. "On-the-fly" syntax checking information may be incorrect. [G:\IC Desing\IC-desing\Proyecto PONG\Anteproyectos para pong\Project 9 - Introduction to VGA\Project 9 - Introduction to VGA.srcs\sources_1\new\VGA_Sync_Pulses.sv:]
WARNING: [filemgmt 56-199] Attempt to get parsing info during refresh. "On-the-fly" syntax checking information may be incorrect. [G:\IC Desing\IC-desing\Proyecto PONG\Anteproyectos para pong\Project 9 - Introduction to VGA\Project 9 - Introduction to VGA.srcs\sources_1\new\VGA_Sync_Porch.sv:]
WARNING: [filemgmt 56-199] Attempt to get parsing info during refresh. "On-the-fly" syntax checking information may be incorrect. [G:\IC Desing\IC-desing\Proyecto PONG\Anteproyectos para pong\Project 9 - Introduction to VGA\Project 9 - Introduction to VGA.srcs\sources_1\new\top.sv:]
WARNING: [filemgmt 56-199] Attempt to get parsing info during refresh. "On-the-fly" syntax checking information may be incorrect. [G:\IC Desing\IC-desing\Proyecto PONG\Anteproyectos para pong\Project 9 - Introduction to VGA\Project 9 - Introduction to VGA.srcs\sources_1\new\VGA_Sync_Porch.sv:]
WARNING: [filemgmt 56-199] Attempt to get parsing info during refresh. "On-the-fly" syntax checking information may be incorrect. [G:\IC Desing\IC-desing\Proyecto PONG\Anteproyectos para pong\Project 9 - Introduction to VGA\Project 9 - Introduction to VGA.srcs\sources_1\new\VGA_Sync_Porch.sv:]
ERROR: [Common 17-180] Spawn failed: No error
ERROR: [Common 17-180] Spawn failed: No error
WARNING: [filemgmt 56-199] Attempt to get parsing info during refresh. "On-the-fly" syntax checking information may be incorrect. [G:\IC Desing\IC-desing\Proyecto PONG\Anteproyectos para pong\Project 9 - Introduction to VGA\Project 9 - Introduction to VGA.srcs\sources_1\new\Sync_To_Count.sv:]
WARNING: [filemgmt 56-199] Attempt to get parsing info during refresh. "On-the-fly" syntax checking information may be incorrect. [G:\IC Desing\IC-desing\Proyecto PONG\Anteproyectos para pong\Project 9 - Introduction to VGA\Project 9 - Introduction to VGA.srcs\sources_1\new\VGA_Sync_Pulses.sv:]
WARNING: [filemgmt 56-199] Attempt to get parsing info during refresh. "On-the-fly" syntax checking information may be incorrect. [G:\IC Desing\IC-desing\Proyecto PONG\Anteproyectos para pong\Project 9 - Introduction to VGA\Project 9 - Introduction to VGA.srcs\sources_1\new\VGA_Sync_Porch.sv:]
WARNING: [filemgmt 56-199] Attempt to get parsing info during refresh. "On-the-fly" syntax checking information may be incorrect. [G:\IC Desing\IC-desing\Proyecto PONG\Anteproyectos para pong\Project 9 - Introduction to VGA\Project 9 - Introduction to VGA.srcs\sources_1\new\top.sv:]
WARNING: [filemgmt 56-199] Attempt to get parsing info during refresh. "On-the-fly" syntax checking information may be incorrect. [G:\IC Desing\IC-desing\Proyecto PONG\Anteproyectos para pong\Project 9 - Introduction to VGA\Project 9 - Introduction to VGA.srcs\sources_1\new\Sync_To_Count.sv:]
WARNING: [filemgmt 56-199] Attempt to get parsing info during refresh. "On-the-fly" syntax checking information may be incorrect. [G:\IC Desing\IC-desing\Proyecto PONG\Anteproyectos para pong\Project 9 - Introduction to VGA\Project 9 - Introduction to VGA.srcs\sources_1\new\Test_Pattern_Gen.sv:]
WARNING: [filemgmt 56-199] Attempt to get parsing info during refresh. "On-the-fly" syntax checking information may be incorrect. [G:\IC Desing\IC-desing\Proyecto PONG\Anteproyectos para pong\Project 9 - Introduction to VGA\Project 9 - Introduction to VGA.srcs\sources_1\new\VGA_Sync_Pulses.sv:]
WARNING: [filemgmt 56-199] Attempt to get parsing info during refresh. "On-the-fly" syntax checking information may be incorrect. [G:\IC Desing\IC-desing\Proyecto PONG\Anteproyectos para pong\Project 9 - Introduction to VGA\Project 9 - Introduction to VGA.srcs\sources_1\new\Binary_To_7Segment.sv:]
WARNING: [filemgmt 56-199] Attempt to get parsing info during refresh. "On-the-fly" syntax checking information may be incorrect. [G:\IC Desing\IC-desing\Proyecto PONG\Anteproyectos para pong\Project 9 - Introduction to VGA\Project 9 - Introduction to VGA.srcs\sources_1\new\VGA_Sync_Porch.sv:]
WARNING: [filemgmt 56-199] Attempt to get parsing info during refresh. "On-the-fly" syntax checking information may be incorrect. [G:\IC Desing\IC-desing\Proyecto PONG\Anteproyectos para pong\Project 9 - Introduction to VGA\Project 9 - Introduction to VGA.srcs\sources_1\new\top.sv:]
WARNING: [filemgmt 56-199] Attempt to get parsing info during refresh. "On-the-fly" syntax checking information may be incorrect. [G:\IC Desing\IC-desing\Proyecto PONG\Anteproyectos para pong\Project 9 - Introduction to VGA\Project 9 - Introduction to VGA.srcs\sources_1\new\Sync_To_Count.sv:]
WARNING: [filemgmt 56-199] Attempt to get parsing info during refresh. "On-the-fly" syntax checking information may be incorrect. [G:\IC Desing\IC-desing\Proyecto PONG\Anteproyectos para pong\Project 9 - Introduction to VGA\Project 9 - Introduction to VGA.srcs\sources_1\new\Sync_To_Count.sv:]
WARNING: [filemgmt 56-199] Attempt to get parsing info during refresh. "On-the-fly" syntax checking information may be incorrect. [G:\IC Desing\IC-desing\Proyecto PONG\Anteproyectos para pong\Project 9 - Introduction to VGA\Project 9 - Introduction to VGA.srcs\sources_1\new\Sync_To_Count.sv:]
WARNING: [filemgmt 56-199] Attempt to get parsing info during refresh. "On-the-fly" syntax checking information may be incorrect. [G:\IC Desing\IC-desing\Proyecto PONG\Anteproyectos para pong\Project 9 - Introduction to VGA\Project 9 - Introduction to VGA.srcs\sources_1\new\Test_Pattern_Gen.sv:]
WARNING: [filemgmt 56-199] Attempt to get parsing info during refresh. "On-the-fly" syntax checking information may be incorrect. [G:\IC Desing\IC-desing\Proyecto PONG\Anteproyectos para pong\Project 9 - Introduction to VGA\Project 9 - Introduction to VGA.srcs\sources_1\new\VGA_Sync_Pulses.sv:]
WARNING: [filemgmt 56-199] Attempt to get parsing info during refresh. "On-the-fly" syntax checking information may be incorrect. [G:\IC Desing\IC-desing\Proyecto PONG\Anteproyectos para pong\Project 9 - Introduction to VGA\Project 9 - Introduction to VGA.srcs\sources_1\new\Binary_To_7Segment.sv:]
WARNING: [filemgmt 56-199] Attempt to get parsing info during refresh. "On-the-fly" syntax checking information may be incorrect. [G:\IC Desing\IC-desing\Proyecto PONG\Anteproyectos para pong\Project 9 - Introduction to VGA\Project 9 - Introduction to VGA.srcs\sources_1\new\VGA_Sync_Porch.sv:]
WARNING: [filemgmt 56-199] Attempt to get parsing info during refresh. "On-the-fly" syntax checking information may be incorrect. [G:\IC Desing\IC-desing\Proyecto PONG\Anteproyectos para pong\Project 9 - Introduction to VGA\Project 9 - Introduction to VGA.srcs\sources_1\new\top.sv:]
WARNING: [filemgmt 56-199] Attempt to get parsing info during refresh. "On-the-fly" syntax checking information may be incorrect. [G:\IC Desing\IC-desing\Proyecto PONG\Anteproyectos para pong\Project 9 - Introduction to VGA\Project 9 - Introduction to VGA.srcs\sources_1\new\VGA_Sync_Porch.sv:]
WARNING: [filemgmt 56-199] Attempt to get parsing info during refresh. "On-the-fly" syntax checking information may be incorrect. [G:\IC Desing\IC-desing\Proyecto PONG\Anteproyectos para pong\Project 9 - Introduction to VGA\Project 9 - Introduction to VGA.srcs\sources_1\new\VGA_Sync_Porch.sv:]
WARNING: [filemgmt 56-199] Attempt to get parsing info during refresh. "On-the-fly" syntax checking information may be incorrect. [G:\IC Desing\IC-desing\Proyecto PONG\Anteproyectos para pong\Project 9 - Introduction to VGA\Project 9 - Introduction to VGA.srcs\sources_1\new\Sync_To_Count.sv:]
WARNING: [filemgmt 56-199] Attempt to get parsing info during refresh. "On-the-fly" syntax checking information may be incorrect. [G:\IC Desing\IC-desing\Proyecto PONG\Anteproyectos para pong\Project 9 - Introduction to VGA\Project 9 - Introduction to VGA.srcs\sources_1\new\Test_Pattern_Gen.sv:]
WARNING: [filemgmt 56-199] Attempt to get parsing info during refresh. "On-the-fly" syntax checking information may be incorrect. [G:\IC Desing\IC-desing\Proyecto PONG\Anteproyectos para pong\Project 9 - Introduction to VGA\Project 9 - Introduction to VGA.srcs\sources_1\new\VGA_Sync_Pulses.sv:]
WARNING: [filemgmt 56-199] Attempt to get parsing info during refresh. "On-the-fly" syntax checking information may be incorrect. [G:\IC Desing\IC-desing\Proyecto PONG\Anteproyectos para pong\Project 9 - Introduction to VGA\Project 9 - Introduction to VGA.srcs\sources_1\new\Binary_To_7Segment.sv:]
WARNING: [filemgmt 56-199] Attempt to get parsing info during refresh. "On-the-fly" syntax checking information may be incorrect. [G:\IC Desing\IC-desing\Proyecto PONG\Anteproyectos para pong\Project 9 - Introduction to VGA\Project 9 - Introduction to VGA.srcs\sources_1\new\VGA_Sync_Porch.sv:]
WARNING: [filemgmt 56-199] Attempt to get parsing info during refresh. "On-the-fly" syntax checking information may be incorrect. [G:\IC Desing\IC-desing\Proyecto PONG\Anteproyectos para pong\Project 9 - Introduction to VGA\Project 9 - Introduction to VGA.srcs\sources_1\new\top.sv:]
WARNING: [filemgmt 56-199] Attempt to get parsing info during refresh. "On-the-fly" syntax checking information may be incorrect. [G:\IC Desing\IC-desing\Proyecto PONG\Anteproyectos para pong\Project 9 - Introduction to VGA\Project 9 - Introduction to VGA.srcs\sources_1\new\Binary_To_7Segment.sv:]
WARNING: [filemgmt 56-199] Attempt to get parsing info during refresh. "On-the-fly" syntax checking information may be incorrect. [G:\IC Desing\IC-desing\Proyecto PONG\Anteproyectos para pong\Project 9 - Introduction to VGA\Project 9 - Introduction to VGA.srcs\sources_1\new\Binary_To_7Segment.sv:]
ERROR: [Common 17-180] Spawn failed: No error
WARNING: [filemgmt 56-199] Attempt to get parsing info during refresh. "On-the-fly" syntax checking information may be incorrect. [G:\IC Desing\IC-desing\Proyecto PONG\Anteproyectos para pong\Project 9 - Introduction to VGA\Project 9 - Introduction to VGA.srcs\sources_1\new\Sync_To_Count.sv:]
WARNING: [filemgmt 56-199] Attempt to get parsing info during refresh. "On-the-fly" syntax checking information may be incorrect. [G:\IC Desing\IC-desing\Proyecto PONG\Anteproyectos para pong\Project 9 - Introduction to VGA\Project 9 - Introduction to VGA.srcs\sources_1\new\Test_Pattern_Gen.sv:]
WARNING: [filemgmt 56-199] Attempt to get parsing info during refresh. "On-the-fly" syntax checking information may be incorrect. [G:\IC Desing\IC-desing\Proyecto PONG\Anteproyectos para pong\Project 9 - Introduction to VGA\Project 9 - Introduction to VGA.srcs\sources_1\new\VGA_Sync_Pulses.sv:]
WARNING: [filemgmt 56-199] Attempt to get parsing info during refresh. "On-the-fly" syntax checking information may be incorrect. [G:\IC Desing\IC-desing\Proyecto PONG\Anteproyectos para pong\Project 9 - Introduction to VGA\Project 9 - Introduction to VGA.srcs\sources_1\new\Binary_To_7Segment.sv:]
WARNING: [filemgmt 56-199] Attempt to get parsing info during refresh. "On-the-fly" syntax checking information may be incorrect. [G:\IC Desing\IC-desing\Proyecto PONG\Anteproyectos para pong\Project 9 - Introduction to VGA\Project 9 - Introduction to VGA.srcs\sources_1\new\VGA_Sync_Porch.sv:]
WARNING: [filemgmt 56-199] Attempt to get parsing info during refresh. "On-the-fly" syntax checking information may be incorrect. [G:\IC Desing\IC-desing\Proyecto PONG\Anteproyectos para pong\Project 9 - Introduction to VGA\Project 9 - Introduction to VGA.srcs\sources_1\new\top.sv:]
WARNING: [filemgmt 56-199] Attempt to get parsing info during refresh. "On-the-fly" syntax checking information may be incorrect. [G:\IC Desing\IC-desing\Proyecto PONG\Anteproyectos para pong\Project 9 - Introduction to VGA\Project 9 - Introduction to VGA.srcs\sources_1\new\top.sv:]
WARNING: [filemgmt 56-199] Attempt to get parsing info during refresh. "On-the-fly" syntax checking information may be incorrect. [G:\IC Desing\IC-desing\Proyecto PONG\Anteproyectos para pong\Project 9 - Introduction to VGA\Project 9 - Introduction to VGA.srcs\sources_1\new\top.sv:]
ERROR: [Common 17-180] Spawn failed: No error
WARNING: [filemgmt 56-199] Attempt to get parsing info during refresh. "On-the-fly" syntax checking information may be incorrect. [G:\IC Desing\IC-desing\Proyecto PONG\Anteproyectos para pong\Project 9 - Introduction to VGA\Project 9 - Introduction to VGA.srcs\sources_1\new\Sync_To_Count.sv:]
WARNING: [filemgmt 56-199] Attempt to get parsing info during refresh. "On-the-fly" syntax checking information may be incorrect. [G:\IC Desing\IC-desing\Proyecto PONG\Anteproyectos para pong\Project 9 - Introduction to VGA\Project 9 - Introduction to VGA.srcs\sources_1\new\Test_Pattern_Gen.sv:]
WARNING: [filemgmt 56-199] Attempt to get parsing info during refresh. "On-the-fly" syntax checking information may be incorrect. [G:\IC Desing\IC-desing\Proyecto PONG\Anteproyectos para pong\Project 9 - Introduction to VGA\Project 9 - Introduction to VGA.srcs\sources_1\new\VGA_Sync_Pulses.sv:]
WARNING: [filemgmt 56-199] Attempt to get parsing info during refresh. "On-the-fly" syntax checking information may be incorrect. [G:\IC Desing\IC-desing\Proyecto PONG\Anteproyectos para pong\Project 9 - Introduction to VGA\Project 9 - Introduction to VGA.srcs\sources_1\new\Binary_To_7Segment.sv:]
WARNING: [filemgmt 56-199] Attempt to get parsing info during refresh. "On-the-fly" syntax checking information may be incorrect. [G:\IC Desing\IC-desing\Proyecto PONG\Anteproyectos para pong\Project 9 - Introduction to VGA\Project 9 - Introduction to VGA.srcs\sources_1\new\VGA_Sync_Porch.sv:]
WARNING: [filemgmt 56-199] Attempt to get parsing info during refresh. "On-the-fly" syntax checking information may be incorrect. [G:\IC Desing\IC-desing\Proyecto PONG\Anteproyectos para pong\Project 9 - Introduction to VGA\Project 9 - Introduction to VGA.srcs\sources_1\new\top.sv:]
WARNING: [filemgmt 56-199] Attempt to get parsing info during refresh. "On-the-fly" syntax checking information may be incorrect. [G:\IC Desing\IC-desing\Proyecto PONG\Anteproyectos para pong\Project 9 - Introduction to VGA\Project 9 - Introduction to VGA.srcs\sources_1\new\VGA_Sync_Pulses.sv:]
WARNING: [filemgmt 56-199] Attempt to get parsing info during refresh. "On-the-fly" syntax checking information may be incorrect. [G:\IC Desing\IC-desing\Proyecto PONG\Anteproyectos para pong\Project 9 - Introduction to VGA\Project 9 - Introduction to VGA.srcs\sources_1\new\VGA_Sync_Pulses.sv:]
ERROR: [Common 17-180] Spawn failed: No error
exit
INFO: [Common 17-206] Exiting Vivado at Tue Jul 22 18:07:10 2025...
