#-----------------------------------------------------------
# Vivado v2024.1 (64-bit)
# SW Build 5076996 on Wed May 22 18:37:14 MDT 2024
# IP Build 5075265 on Wed May 22 21:45:21 MDT 2024
# SharedData Build 5076995 on Wed May 22 18:29:18 MDT 2024
# Start of session at: Wed Aug  6 14:38:34 2025
# Process ID: 34984
# Current directory: G:/IC Desing/IC-desing/Proyecto PONG/Anteproyectos para pong/Project 9 - Introduction to VGA
# Command line: vivado.exe -gui_launcher_event rodinguilauncherevent25976 G:\IC Desing\IC-desing\Proyecto PONG\Anteproyectos para pong\Project 9 - Introduction to VGA\Project 9 - Introduction to VGA.xpr
# Log file: G:/IC Desing/IC-desing/Proyecto PONG/Anteproyectos para pong/Project 9 - Introduction to VGA/vivado.log
# Journal file: G:/IC Desing/IC-desing/Proyecto PONG/Anteproyectos para pong/Project 9 - Introduction to VGA\vivado.jou
# Running On        :KASHJJ-PC
# Platform          :Windows Server 2016 or Windows 10
# Operating System  :26100
# Processor Detail  :12th Gen Intel(R) Core(TM) i5-12600K
# CPU Frequency     :3686 MHz
# CPU Physical cores:10
# CPU Logical cores :16
# Host memory       :16980 MB
# Swap memory       :15032 MB
# Total Virtual     :32012 MB
# Available Virtual :13452 MB
#-----------------------------------------------------------
start_gui
open_project {G:/IC Desing/IC-desing/Proyecto PONG/Anteproyectos para pong/Project 9 - Introduction to VGA/Project 9 - Introduction to VGA.xpr}
INFO: [ProjectBase 1-489] The host OS only allows 260 characters in a normal path. The project is stored in a path with more than 80 characters. If you experience issues with IP, Block Designs, or files not being found, please consider moving the project to a location with a shorter path. Alternately consider using the OS subst command to map part of the path to a drive letter.
Current project path is 'G:/IC Desing/IC-desing/Proyecto PONG/Anteproyectos para pong/Project 9 - Introduction to VGA'
WARNING: [Board 49-26] cannot add Board Part xilinx.com:vek280_es:part0:1.0 available at G:/Vivado/Vivado/2024.1/data/xhub/boards/XilinxBoardStore/boards/Xilinx/vek280/es/rev_a/1.0/board.xml as part xcve2802-vsvh1760-2lp-e-s-es1 specified in board_part file is either invalid or not available
WARNING: [Board 49-26] cannot add Board Part xilinx.com:vek280_es:part0:1.1 available at G:/Vivado/Vivado/2024.1/data/xhub/boards/XilinxBoardStore/boards/Xilinx/vek280/es/rev_a/1.1/board.xml as part xcve2802-vsvh1760-2lp-e-s-es1 specified in board_part file is either invalid or not available
WARNING: [Board 49-26] cannot add Board Part xilinx.com:vek280_es_revb:part0:1.0 available at G:/Vivado/Vivado/2024.1/data/xhub/boards/XilinxBoardStore/boards/Xilinx/vek280/es/rev_b/1.0/board.xml as part xcve2802-vsvh1760-2mp-e-s-es1 specified in board_part file is either invalid or not available
WARNING: [Board 49-26] cannot add Board Part xilinx.com:vek280_es_revb:part0:1.1 available at G:/Vivado/Vivado/2024.1/data/xhub/boards/XilinxBoardStore/boards/Xilinx/vek280/es/rev_b/1.1/board.xml as part xcve2802-vsvh1760-2mp-e-s-es1 specified in board_part file is either invalid or not available
WARNING: [Board 49-26] cannot add Board Part xilinx.com:vhk158_es:part0:1.0 available at G:/Vivado/Vivado/2024.1/data/xhub/boards/XilinxBoardStore/boards/Xilinx/vhk158/es/1.0/board.xml as part xcvh1582-vsva3697-2mp-e-s-es1 specified in board_part file is either invalid or not available
WARNING: [Board 49-26] cannot add Board Part xilinx.com:vhk158_es:part0:1.1 available at G:/Vivado/Vivado/2024.1/data/xhub/boards/XilinxBoardStore/boards/Xilinx/vhk158/es/1.1/board.xml as part xcvh1582-vsva3697-2mp-e-s-es1 specified in board_part file is either invalid or not available
WARNING: [Board 49-26] cannot add Board Part xilinx.com:zcu208ld:part0:2.0 available at G:/Vivado/Vivado/2024.1/data/xhub/boards/XilinxBoardStore/boards/Xilinx/zcu208ld/production/2.0/board.xml as part xczu58dr-fsvg1517-2-i specified in board_part file is either invalid or not available
WARNING: [Board 49-26] cannot add Board Part xilinx.com:zcu216ld:part0:2.0 available at G:/Vivado/Vivado/2024.1/data/xhub/boards/XilinxBoardStore/boards/Xilinx/zcu216ld/production/2.0/board.xml as part xczu59dr-ffvf1760-2-i specified in board_part file is either invalid or not available
WARNING: [Board 49-26] cannot add Board Part xilinx.com:zcu670ld:part0:1.0 available at G:/Vivado/Vivado/2024.1/data/xhub/boards/XilinxBoardStore/boards/Xilinx/zcu670ld/1.0/board.xml as part xczu57dr-fsve1156-2-i specified in board_part file is either invalid or not available
INFO: [filemgmt 56-3] Default IP Output Path : Could not find the directory 'G:/IC Desing/IC-desing/Proyecto PONG/Anteproyectos para pong/Project 9 - Introduction to VGA/Project 9 - Introduction to VGA.gen/sources_1'.
Scanning sources...
Finished scanning sources
INFO: [IP_Flow 19-234] Refreshing IP repositories
INFO: [IP_Flow 19-1704] No user IP repositories specified
INFO: [IP_Flow 19-2313] Loaded Vivado IP repository 'G:/Vivado/Vivado/2024.1/data/ip'.
open_project: Time (s): cpu = 00:00:22 ; elapsed = 00:00:11 . Memory (MB): peak = 1721.121 ; gain = 474.805
update_compile_order -fileset sources_1
save_project_as {Project 10 - Pong} {G:/IC Desing/IC-desing/Proyecto PONG/Anteproyectos para pong/Project 10 - Pong} -force
WARNING: [IP_Flow 19-4995] The host OS only allows 260 characters in a normal path. The IP cache path is more than 80 characters. If you experience issues with IP caching, please consider changing the IP cache to a location with a shorter path. Alternately consider using the OS subst command to map part of the path to a drive letter. 
Current IP cache path is G:/IC Desing/IC-desing/Proyecto PONG/Anteproyectos para pong/Project 10 - Pong/Project 10 - Pong.cache/ip 
close [ open {G:/IC Desing/IC-desing/Proyecto PONG/Anteproyectos para pong/Project 10 - Pong/Project 10 - Pong.srcs/sources_1/new/Pong_Paddle_Ctrl.v} w ]
add_files {{G:/IC Desing/IC-desing/Proyecto PONG/Anteproyectos para pong/Project 10 - Pong/Project 10 - Pong.srcs/sources_1/new/Pong_Paddle_Ctrl.v}}
update_compile_order -fileset sources_1
close [ open {G:/IC Desing/IC-desing/Proyecto PONG/Anteproyectos para pong/Project 10 - Pong/Project 10 - Pong.srcs/sources_1/new/Pong_Ball_Ctrl.sv} w ]
add_files {{G:/IC Desing/IC-desing/Proyecto PONG/Anteproyectos para pong/Project 10 - Pong/Project 10 - Pong.srcs/sources_1/new/Pong_Ball_Ctrl.sv}}
update_compile_order -fileset sources_1
close [ open {G:/IC Desing/IC-desing/Proyecto PONG/Anteproyectos para pong/Project 10 - Pong/Project 10 - Pong.srcs/sources_1/new/Pong_Top.sv} w ]
add_files {{G:/IC Desing/IC-desing/Proyecto PONG/Anteproyectos para pong/Project 10 - Pong/Project 10 - Pong.srcs/sources_1/new/Pong_Top.sv}}
WARNING: [filemgmt 56-199] Attempt to get parsing info during refresh. "On-the-fly" syntax checking information may be incorrect. [G:\IC Desing\IC-desing\Proyecto PONG\Anteproyectos para pong\Project 10 - Pong\Project 10 - Pong.srcs\sources_1\new\Pong_Paddle_Ctrl.v:]
WARNING: [filemgmt 56-199] Attempt to get parsing info during refresh. "On-the-fly" syntax checking information may be incorrect. [G:\IC Desing\IC-desing\Proyecto PONG\Anteproyectos para pong\Project 10 - Pong\Project 10 - Pong.srcs\sources_1\new\Pong_Ball_Ctrl.sv:]
WARNING: [filemgmt 56-199] Attempt to get parsing info during refresh. "On-the-fly" syntax checking information may be incorrect. [G:\IC Desing\IC-desing\Proyecto PONG\Anteproyectos para pong\Project 10 - Pong\Project 10 - Pong.srcs\sources_1\new\Pong_Ball_Ctrl.sv:]
WARNING: [filemgmt 56-199] Attempt to get parsing info during refresh. "On-the-fly" syntax checking information may be incorrect. [G:\IC Desing\IC-desing\Proyecto PONG\Anteproyectos para pong\Project 10 - Pong\Project 10 - Pong.srcs\sources_1\new\Pong_Ball_Ctrl.sv:]
ERROR: [Common 17-180] Spawn failed: No error
WARNING: [filemgmt 56-199] Attempt to get parsing info during refresh. "On-the-fly" syntax checking information may be incorrect. [G:\IC Desing\IC-desing\Proyecto PONG\Anteproyectos para pong\Project 10 - Pong\Project 10 - Pong.srcs\sources_1\new\Pong_Paddle_Ctrl.v:]
WARNING: [filemgmt 56-199] Attempt to get parsing info during refresh. "On-the-fly" syntax checking information may be incorrect. [G:\IC Desing\IC-desing\Proyecto PONG\Anteproyectos para pong\Project 10 - Pong\Project 10 - Pong.srcs\sources_1\new\Pong_Ball_Ctrl.sv:]
WARNING: [filemgmt 56-199] Attempt to get parsing info during refresh. "On-the-fly" syntax checking information may be incorrect. [G:\IC Desing\IC-desing\Proyecto PONG\Anteproyectos para pong\Project 10 - Pong\Project 10 - Pong.srcs\sources_1\new\Pong_Ball_Ctrl.sv:]
WARNING: [filemgmt 56-199] Attempt to get parsing info during refresh. "On-the-fly" syntax checking information may be incorrect. [G:\IC Desing\IC-desing\Proyecto PONG\Anteproyectos para pong\Project 10 - Pong\Project 10 - Pong.srcs\sources_1\new\Pong_Ball_Ctrl.sv:]
ERROR: [Common 17-180] Spawn failed: No error
update_compile_order -fileset sources_1
WARNING: [filemgmt 56-199] Attempt to get parsing info during refresh. "On-the-fly" syntax checking information may be incorrect. [G:\IC Desing\IC-desing\Proyecto PONG\Anteproyectos para pong\Project 10 - Pong\Project 10 - Pong.srcs\sources_1\new\Pong_Paddle_Ctrl.v:]
WARNING: [filemgmt 56-199] Attempt to get parsing info during refresh. "On-the-fly" syntax checking information may be incorrect. [G:\IC Desing\IC-desing\Proyecto PONG\Anteproyectos para pong\Project 10 - Pong\Project 10 - Pong.srcs\sources_1\new\Pong_Ball_Ctrl.sv:]
WARNING: [filemgmt 56-199] Attempt to get parsing info during refresh. "On-the-fly" syntax checking information may be incorrect. [G:\IC Desing\IC-desing\Proyecto PONG\Anteproyectos para pong\Project 10 - Pong\Project 10 - Pong.srcs\sources_1\new\Pong_Ball_Ctrl.sv:]
WARNING: [filemgmt 56-199] Attempt to get parsing info during refresh. "On-the-fly" syntax checking information may be incorrect. [G:\IC Desing\IC-desing\Proyecto PONG\Anteproyectos para pong\Project 10 - Pong\Project 10 - Pong.srcs\sources_1\new\Pong_Ball_Ctrl.sv:]
ERROR: [Common 17-180] Spawn failed: No error
WARNING: [filemgmt 56-199] Attempt to get parsing info during refresh. "On-the-fly" syntax checking information may be incorrect. [G:\IC Desing\IC-desing\Proyecto PONG\Anteproyectos para pong\Project 10 - Pong\Project 10 - Pong.srcs\sources_1\new\Pong_Paddle_Ctrl.v:]
WARNING: [filemgmt 56-199] Attempt to get parsing info during refresh. "On-the-fly" syntax checking information may be incorrect. [G:\IC Desing\IC-desing\Proyecto PONG\Anteproyectos para pong\Project 10 - Pong\Project 10 - Pong.srcs\sources_1\new\Pong_Top.sv:]
WARNING: [filemgmt 56-199] Attempt to get parsing info during refresh. "On-the-fly" syntax checking information may be incorrect. [G:\IC Desing\IC-desing\Proyecto PONG\Anteproyectos para pong\Project 10 - Pong\Project 10 - Pong.srcs\sources_1\new\Pong_Ball_Ctrl.sv:]
WARNING: [filemgmt 56-199] Attempt to get parsing info during refresh. "On-the-fly" syntax checking information may be incorrect. [G:\IC Desing\IC-desing\Proyecto PONG\Anteproyectos para pong\Project 10 - Pong\Project 10 - Pong.srcs\sources_1\new\Pong_Ball_Ctrl.sv:]
WARNING: [filemgmt 56-199] Attempt to get parsing info during refresh. "On-the-fly" syntax checking information may be incorrect. [G:\IC Desing\IC-desing\Proyecto PONG\Anteproyectos para pong\Project 10 - Pong\Project 10 - Pong.srcs\sources_1\new\Pong_Ball_Ctrl.sv:]
WARNING: [filemgmt 56-199] Attempt to get parsing info during refresh. "On-the-fly" syntax checking information may be incorrect. [G:\IC Desing\IC-desing\Proyecto PONG\Anteproyectos para pong\Project 10 - Pong\Project 10 - Pong.srcs\sources_1\new\Pong_Paddle_Ctrl.v:]
WARNING: [filemgmt 56-199] Attempt to get parsing info during refresh. "On-the-fly" syntax checking information may be incorrect. [G:\IC Desing\IC-desing\Proyecto PONG\Anteproyectos para pong\Project 10 - Pong\Project 10 - Pong.srcs\sources_1\new\Pong_Top.sv:]
WARNING: [filemgmt 56-199] Attempt to get parsing info during refresh. "On-the-fly" syntax checking information may be incorrect. [G:\IC Desing\IC-desing\Proyecto PONG\Anteproyectos para pong\Project 10 - Pong\Project 10 - Pong.srcs\sources_1\new\Pong_Ball_Ctrl.sv:]
WARNING: [filemgmt 56-199] Attempt to get parsing info during refresh. "On-the-fly" syntax checking information may be incorrect. [G:\IC Desing\IC-desing\Proyecto PONG\Anteproyectos para pong\Project 10 - Pong\Project 10 - Pong.srcs\sources_1\new\Pong_Paddle_Ctrl.v:]
WARNING: [filemgmt 56-199] Attempt to get parsing info during refresh. "On-the-fly" syntax checking information may be incorrect. [G:\IC Desing\IC-desing\Proyecto PONG\Anteproyectos para pong\Project 10 - Pong\Project 10 - Pong.srcs\sources_1\new\Pong_Paddle_Ctrl.v:]
WARNING: [filemgmt 56-199] Attempt to get parsing info during refresh. "On-the-fly" syntax checking information may be incorrect. [G:\IC Desing\IC-desing\Proyecto PONG\Anteproyectos para pong\Project 10 - Pong\Project 10 - Pong.srcs\sources_1\new\Pong_Paddle_Ctrl.v:]
WARNING: [filemgmt 56-199] Attempt to get parsing info during refresh. "On-the-fly" syntax checking information may be incorrect. [G:\IC Desing\IC-desing\Proyecto PONG\Anteproyectos para pong\Project 10 - Pong\Project 10 - Pong.srcs\sources_1\new\Pong_Top.sv:]
WARNING: [filemgmt 56-199] Attempt to get parsing info during refresh. "On-the-fly" syntax checking information may be incorrect. [G:\IC Desing\IC-desing\Proyecto PONG\Anteproyectos para pong\Project 10 - Pong\Project 10 - Pong.srcs\sources_1\new\Pong_Ball_Ctrl.sv:]
WARNING: [filemgmt 56-199] Attempt to get parsing info during refresh. "On-the-fly" syntax checking information may be incorrect. [G:\IC Desing\IC-desing\Proyecto PONG\Anteproyectos para pong\Project 10 - Pong\Project 10 - Pong.srcs\sources_1\new\Pong_Ball_Ctrl.sv:]
WARNING: [filemgmt 56-199] Attempt to get parsing info during refresh. "On-the-fly" syntax checking information may be incorrect. [G:\IC Desing\IC-desing\Proyecto PONG\Anteproyectos para pong\Project 10 - Pong\Project 10 - Pong.srcs\sources_1\new\Pong_Ball_Ctrl.sv:]
WARNING: [filemgmt 56-199] Attempt to get parsing info during refresh. "On-the-fly" syntax checking information may be incorrect. [G:\IC Desing\IC-desing\Proyecto PONG\Anteproyectos para pong\Project 10 - Pong\Project 10 - Pong.srcs\sources_1\new\Pong_Paddle_Ctrl.v:]
WARNING: [filemgmt 56-199] Attempt to get parsing info during refresh. "On-the-fly" syntax checking information may be incorrect. [G:\IC Desing\IC-desing\Proyecto PONG\Anteproyectos para pong\Project 10 - Pong\Project 10 - Pong.srcs\sources_1\new\Pong_Top.sv:]
WARNING: [filemgmt 56-199] Attempt to get parsing info during refresh. "On-the-fly" syntax checking information may be incorrect. [G:\IC Desing\IC-desing\Proyecto PONG\Anteproyectos para pong\Project 10 - Pong\Project 10 - Pong.srcs\sources_1\new\Pong_Ball_Ctrl.sv:]
WARNING: [filemgmt 56-199] Attempt to get parsing info during refresh. "On-the-fly" syntax checking information may be incorrect. [G:\IC Desing\IC-desing\Proyecto PONG\Anteproyectos para pong\Project 10 - Pong\Project 10 - Pong.srcs\sources_1\new\Pong_Paddle_Ctrl.v:]
WARNING: [filemgmt 56-199] Attempt to get parsing info during refresh. "On-the-fly" syntax checking information may be incorrect. [G:\IC Desing\IC-desing\Proyecto PONG\Anteproyectos para pong\Project 10 - Pong\Project 10 - Pong.srcs\sources_1\new\Pong_Paddle_Ctrl.v:]
exit
INFO: [Common 17-206] Exiting Vivado at Wed Aug  6 17:35:05 2025...
