#-----------------------------------------------------------
# Vivado v2024.1 (64-bit)
# SW Build 5076996 on Wed May 22 18:37:14 MDT 2024
# IP Build 5075265 on Wed May 22 21:45:21 MDT 2024
# SharedData Build 5076995 on Wed May 22 18:29:18 MDT 2024
# Start of session at: Wed Jul  9 14:57:54 2025
# Process ID: 23664
# Current directory: G:/IC Desing/IC-desing/Proyecto PONG/Anteproyectos para pong/Project 7 - UART Receiver
# Command line: vivado.exe -gui_launcher_event rodinguilauncherevent10860 G:\IC Desing\IC-desing\Proyecto PONG\Anteproyectos para pong\Project 7 - UART Receiver\Project 7 - UART Receiver.xpr
# Log file: G:/IC Desing/IC-desing/Proyecto PONG/Anteproyectos para pong/Project 7 - UART Receiver/vivado.log
# Journal file: G:/IC Desing/IC-desing/Proyecto PONG/Anteproyectos para pong/Project 7 - UART Receiver\vivado.jou
# Running On        :KASHJJ-PC
# Platform          :Windows Server 2016 or Windows 10
# Operating System  :26100
# Processor Detail  :12th Gen Intel(R) Core(TM) i5-12600K
# CPU Frequency     :3686 MHz
# CPU Physical cores:10
# CPU Logical cores :16
# Host memory       :16980 MB
# Swap memory       :18253 MB
# Total Virtual     :35234 MB
# Available Virtual :18022 MB
#-----------------------------------------------------------
start_gui
open_project {G:/IC Desing/IC-desing/Proyecto PONG/Anteproyectos para pong/Project 7 - UART Receiver/Project 7 - UART Receiver.xpr}
INFO: [ProjectBase 1-489] The host OS only allows 260 characters in a normal path. The project is stored in a path with more than 80 characters. If you experience issues with IP, Block Designs, or files not being found, please consider moving the project to a location with a shorter path. Alternately consider using the OS subst command to map part of the path to a drive letter.
Current project path is 'G:/IC Desing/IC-desing/Proyecto PONG/Anteproyectos para pong/Project 7 - UART Receiver'
WARNING: [Board 49-26] cannot add Board Part xilinx.com:vek280_es:part0:1.0 available at G:/Vivado/Vivado/2024.1/data/xhub/boards/XilinxBoardStore/boards/Xilinx/vek280/es/rev_a/1.0/board.xml as part xcve2802-vsvh1760-2lp-e-s-es1 specified in board_part file is either invalid or not available
WARNING: [Board 49-26] cannot add Board Part xilinx.com:vek280_es:part0:1.1 available at G:/Vivado/Vivado/2024.1/data/xhub/boards/XilinxBoardStore/boards/Xilinx/vek280/es/rev_a/1.1/board.xml as part xcve2802-vsvh1760-2lp-e-s-es1 specified in board_part file is either invalid or not available
WARNING: [Board 49-26] cannot add Board Part xilinx.com:vek280_es_revb:part0:1.0 available at G:/Vivado/Vivado/2024.1/data/xhub/boards/XilinxBoardStore/boards/Xilinx/vek280/es/rev_b/1.0/board.xml as part xcve2802-vsvh1760-2mp-e-s-es1 specified in board_part file is either invalid or not available
WARNING: [Board 49-26] cannot add Board Part xilinx.com:vek280_es_revb:part0:1.1 available at G:/Vivado/Vivado/2024.1/data/xhub/boards/XilinxBoardStore/boards/Xilinx/vek280/es/rev_b/1.1/board.xml as part xcve2802-vsvh1760-2mp-e-s-es1 specified in board_part file is either invalid or not available
WARNING: [Board 49-26] cannot add Board Part xilinx.com:vhk158_es:part0:1.0 available at G:/Vivado/Vivado/2024.1/data/xhub/boards/XilinxBoardStore/boards/Xilinx/vhk158/es/1.0/board.xml as part xcvh1582-vsva3697-2mp-e-s-es1 specified in board_part file is either invalid or not available
WARNING: [Board 49-26] cannot add Board Part xilinx.com:vhk158_es:part0:1.1 available at G:/Vivado/Vivado/2024.1/data/xhub/boards/XilinxBoardStore/boards/Xilinx/vhk158/es/1.1/board.xml as part xcvh1582-vsva3697-2mp-e-s-es1 specified in board_part file is either invalid or not available
WARNING: [Board 49-26] cannot add Board Part xilinx.com:zcu208ld:part0:2.0 available at G:/Vivado/Vivado/2024.1/data/xhub/boards/XilinxBoardStore/boards/Xilinx/zcu208ld/production/2.0/board.xml as part xczu58dr-fsvg1517-2-i specified in board_part file is either invalid or not available
WARNING: [Board 49-26] cannot add Board Part xilinx.com:zcu216ld:part0:2.0 available at G:/Vivado/Vivado/2024.1/data/xhub/boards/XilinxBoardStore/boards/Xilinx/zcu216ld/production/2.0/board.xml as part xczu59dr-ffvf1760-2-i specified in board_part file is either invalid or not available
WARNING: [Board 49-26] cannot add Board Part xilinx.com:zcu670ld:part0:1.0 available at G:/Vivado/Vivado/2024.1/data/xhub/boards/XilinxBoardStore/boards/Xilinx/zcu670ld/1.0/board.xml as part xczu57dr-fsve1156-2-i specified in board_part file is either invalid or not available
INFO: [filemgmt 56-3] Default IP Output Path : Could not find the directory 'G:/IC Desing/IC-desing/Proyecto PONG/Anteproyectos para pong/Project 7 - UART Receiver/Project 7 - UART Receiver.gen/sources_1'.
Scanning sources...
Finished scanning sources
INFO: [IP_Flow 19-234] Refreshing IP repositories
INFO: [IP_Flow 19-1704] No user IP repositories specified
INFO: [IP_Flow 19-2313] Loaded Vivado IP repository 'G:/Vivado/Vivado/2024.1/data/ip'.
open_project: Time (s): cpu = 00:00:18 ; elapsed = 00:00:09 . Memory (MB): peak = 1728.742 ; gain = 488.668
update_compile_order -fileset sources_1
WARNING: [filemgmt 56-199] Attempt to get parsing info during refresh. "On-the-fly" syntax checking information may be incorrect. [G:\IC Desing\IC-desing\Proyecto PONG\Anteproyectos para pong\Project 7 - UART Receiver\Project 7 - UART Receiver.srcs\sources_1\new\Binary_To_7Segment.sv:]
WARNING: [filemgmt 56-199] Attempt to get parsing info during refresh. "On-the-fly" syntax checking information may be incorrect. [G:\IC Desing\IC-desing\Proyecto PONG\Anteproyectos para pong\Project 7 - UART Receiver\Project 7 - UART Receiver.srcs\sources_1\new\UART_RX.sv:]
WARNING: [filemgmt 56-199] Attempt to get parsing info during refresh. "On-the-fly" syntax checking information may be incorrect. [G:\IC Desing\IC-desing\Proyecto PONG\Anteproyectos para pong\Project 7 - UART Receiver\Project 7 - UART Receiver.srcs\sources_1\new\top.sv:]
WARNING: [filemgmt 56-199] Attempt to get parsing info during refresh. "On-the-fly" syntax checking information may be incorrect. [G:\IC Desing\IC-desing\Proyecto PONG\Anteproyectos para pong\Project 7 - UART Receiver\Project 7 - UART Receiver.srcs\sources_1\new\UART_RX.sv:]
WARNING: [filemgmt 56-199] Attempt to get parsing info during refresh. "On-the-fly" syntax checking information may be incorrect. [G:\IC Desing\IC-desing\Proyecto PONG\Anteproyectos para pong\Project 7 - UART Receiver\Project 7 - UART Receiver.srcs\sources_1\new\UART_RX.sv:]
WARNING: [filemgmt 56-199] Attempt to get parsing info during refresh. "On-the-fly" syntax checking information may be incorrect. [G:\IC Desing\IC-desing\Proyecto PONG\Anteproyectos para pong\Project 7 - UART Receiver\Project 7 - UART Receiver.srcs\sources_1\new\Binary_To_7Segment.sv:]
WARNING: [filemgmt 56-199] Attempt to get parsing info during refresh. "On-the-fly" syntax checking information may be incorrect. [G:\IC Desing\IC-desing\Proyecto PONG\Anteproyectos para pong\Project 7 - UART Receiver\Project 7 - UART Receiver.srcs\sources_1\new\UART_RX.sv:]
WARNING: [filemgmt 56-199] Attempt to get parsing info during refresh. "On-the-fly" syntax checking information may be incorrect. [G:\IC Desing\IC-desing\Proyecto PONG\Anteproyectos para pong\Project 7 - UART Receiver\Project 7 - UART Receiver.srcs\sources_1\new\top.sv:]
WARNING: [filemgmt 56-199] Attempt to get parsing info during refresh. "On-the-fly" syntax checking information may be incorrect. [G:\IC Desing\IC-desing\Proyecto PONG\Anteproyectos para pong\Project 7 - UART Receiver\Project 7 - UART Receiver.srcs\sources_1\new\top.sv:]
WARNING: [filemgmt 56-199] Attempt to get parsing info during refresh. "On-the-fly" syntax checking information may be incorrect. [G:\IC Desing\IC-desing\Proyecto PONG\Anteproyectos para pong\Project 7 - UART Receiver\Project 7 - UART Receiver.srcs\sources_1\new\top.sv:]
WARNING: [filemgmt 56-199] Attempt to get parsing info during refresh. "On-the-fly" syntax checking information may be incorrect. [G:\IC Desing\IC-desing\Proyecto PONG\Anteproyectos para pong\Project 7 - UART Receiver\Project 7 - UART Receiver.srcs\sources_1\new\Binary_To_7Segment.sv:]
WARNING: [filemgmt 56-199] Attempt to get parsing info during refresh. "On-the-fly" syntax checking information may be incorrect. [G:\IC Desing\IC-desing\Proyecto PONG\Anteproyectos para pong\Project 7 - UART Receiver\Project 7 - UART Receiver.srcs\sources_1\new\UART_RX.sv:]
WARNING: [filemgmt 56-199] Attempt to get parsing info during refresh. "On-the-fly" syntax checking information may be incorrect. [G:\IC Desing\IC-desing\Proyecto PONG\Anteproyectos para pong\Project 7 - UART Receiver\Project 7 - UART Receiver.srcs\sources_1\new\top.sv:]
WARNING: [filemgmt 56-199] Attempt to get parsing info during refresh. "On-the-fly" syntax checking information may be incorrect. [G:\IC Desing\IC-desing\Proyecto PONG\Anteproyectos para pong\Project 7 - UART Receiver\Project 7 - UART Receiver.srcs\sources_1\new\top.sv:]
WARNING: [filemgmt 56-199] Attempt to get parsing info during refresh. "On-the-fly" syntax checking information may be incorrect. [G:\IC Desing\IC-desing\Proyecto PONG\Anteproyectos para pong\Project 7 - UART Receiver\Project 7 - UART Receiver.srcs\sources_1\new\top.sv:]
WARNING: [filemgmt 56-199] Attempt to get parsing info during refresh. "On-the-fly" syntax checking information may be incorrect. [G:\IC Desing\IC-desing\Proyecto PONG\Anteproyectos para pong\Project 7 - UART Receiver\Project 7 - UART Receiver.srcs\sources_1\new\Binary_To_7Segment.sv:]
WARNING: [filemgmt 56-199] Attempt to get parsing info during refresh. "On-the-fly" syntax checking information may be incorrect. [G:\IC Desing\IC-desing\Proyecto PONG\Anteproyectos para pong\Project 7 - UART Receiver\Project 7 - UART Receiver.srcs\sources_1\new\UART_RX.sv:]
WARNING: [filemgmt 56-199] Attempt to get parsing info during refresh. "On-the-fly" syntax checking information may be incorrect. [G:\IC Desing\IC-desing\Proyecto PONG\Anteproyectos para pong\Project 7 - UART Receiver\Project 7 - UART Receiver.srcs\sources_1\new\top.sv:]
WARNING: [filemgmt 56-199] Attempt to get parsing info during refresh. "On-the-fly" syntax checking information may be incorrect. [G:\IC Desing\IC-desing\Proyecto PONG\Anteproyectos para pong\Project 7 - UART Receiver\Project 7 - UART Receiver.srcs\sources_1\new\UART_RX.sv:]
WARNING: [filemgmt 56-199] Attempt to get parsing info during refresh. "On-the-fly" syntax checking information may be incorrect. [G:\IC Desing\IC-desing\Proyecto PONG\Anteproyectos para pong\Project 7 - UART Receiver\Project 7 - UART Receiver.srcs\sources_1\new\UART_RX.sv:]
update_compile_order -fileset sources_1
WARNING: [filemgmt 56-199] Attempt to get parsing info during refresh. "On-the-fly" syntax checking information may be incorrect. [G:\IC Desing\IC-desing\Proyecto PONG\Anteproyectos para pong\Project 7 - UART Receiver\Project 7 - UART Receiver.srcs\sources_1\new\Binary_To_7Segment.sv:]
WARNING: [filemgmt 56-199] Attempt to get parsing info during refresh. "On-the-fly" syntax checking information may be incorrect. [G:\IC Desing\IC-desing\Proyecto PONG\Anteproyectos para pong\Project 7 - UART Receiver\Project 7 - UART Receiver.srcs\sources_1\new\UART_RX.sv:]
WARNING: [filemgmt 56-199] Attempt to get parsing info during refresh. "On-the-fly" syntax checking information may be incorrect. [G:\IC Desing\IC-desing\Proyecto PONG\Anteproyectos para pong\Project 7 - UART Receiver\Project 7 - UART Receiver.srcs\sources_1\new\top.sv:]
WARNING: [filemgmt 56-199] Attempt to get parsing info during refresh. "On-the-fly" syntax checking information may be incorrect. [G:\IC Desing\IC-desing\Proyecto PONG\Anteproyectos para pong\Project 7 - UART Receiver\Project 7 - UART Receiver.srcs\sources_1\new\top.sv:]
WARNING: [filemgmt 56-199] Attempt to get parsing info during refresh. "On-the-fly" syntax checking information may be incorrect. [G:\IC Desing\IC-desing\Proyecto PONG\Anteproyectos para pong\Project 7 - UART Receiver\Project 7 - UART Receiver.srcs\sources_1\new\top.sv:]
WARNING: [filemgmt 56-199] Attempt to get parsing info during refresh. "On-the-fly" syntax checking information may be incorrect. [G:\IC Desing\IC-desing\Proyecto PONG\Anteproyectos para pong\Project 7 - UART Receiver\Project 7 - UART Receiver.srcs\sources_1\new\Binary_To_7Segment.sv:]
WARNING: [filemgmt 56-199] Attempt to get parsing info during refresh. "On-the-fly" syntax checking information may be incorrect. [G:\IC Desing\IC-desing\Proyecto PONG\Anteproyectos para pong\Project 7 - UART Receiver\Project 7 - UART Receiver.srcs\sources_1\new\UART_RX.sv:]
WARNING: [filemgmt 56-199] Attempt to get parsing info during refresh. "On-the-fly" syntax checking information may be incorrect. [G:\IC Desing\IC-desing\Proyecto PONG\Anteproyectos para pong\Project 7 - UART Receiver\Project 7 - UART Receiver.srcs\sources_1\new\top.sv:]
WARNING: [filemgmt 56-199] Attempt to get parsing info during refresh. "On-the-fly" syntax checking information may be incorrect. [G:\IC Desing\IC-desing\Proyecto PONG\Anteproyectos para pong\Project 7 - UART Receiver\Project 7 - UART Receiver.srcs\sources_1\new\UART_RX.sv:]
WARNING: [filemgmt 56-199] Attempt to get parsing info during refresh. "On-the-fly" syntax checking information may be incorrect. [G:\IC Desing\IC-desing\Proyecto PONG\Anteproyectos para pong\Project 7 - UART Receiver\Project 7 - UART Receiver.srcs\sources_1\new\UART_RX.sv:]
WARNING: [filemgmt 56-199] Attempt to get parsing info during refresh. "On-the-fly" syntax checking information may be incorrect. [G:\IC Desing\IC-desing\Proyecto PONG\Anteproyectos para pong\Project 7 - UART Receiver\Project 7 - UART Receiver.srcs\sources_1\new\Binary_To_7Segment.sv:]
WARNING: [filemgmt 56-199] Attempt to get parsing info during refresh. "On-the-fly" syntax checking information may be incorrect. [G:\IC Desing\IC-desing\Proyecto PONG\Anteproyectos para pong\Project 7 - UART Receiver\Project 7 - UART Receiver.srcs\sources_1\new\UART_RX.sv:]
WARNING: [filemgmt 56-199] Attempt to get parsing info during refresh. "On-the-fly" syntax checking information may be incorrect. [G:\IC Desing\IC-desing\Proyecto PONG\Anteproyectos para pong\Project 7 - UART Receiver\Project 7 - UART Receiver.srcs\sources_1\new\top.sv:]
WARNING: [filemgmt 56-199] Attempt to get parsing info during refresh. "On-the-fly" syntax checking information may be incorrect. [G:\IC Desing\IC-desing\Proyecto PONG\Anteproyectos para pong\Project 7 - UART Receiver\Project 7 - UART Receiver.srcs\sources_1\new\top.sv:]
WARNING: [filemgmt 56-199] Attempt to get parsing info during refresh. "On-the-fly" syntax checking information may be incorrect. [G:\IC Desing\IC-desing\Proyecto PONG\Anteproyectos para pong\Project 7 - UART Receiver\Project 7 - UART Receiver.srcs\sources_1\new\top.sv:]
WARNING: [filemgmt 56-199] Attempt to get parsing info during refresh. "On-the-fly" syntax checking information may be incorrect. [G:\IC Desing\IC-desing\Proyecto PONG\Anteproyectos para pong\Project 7 - UART Receiver\Project 7 - UART Receiver.srcs\sources_1\new\Binary_To_7Segment.sv:]
WARNING: [filemgmt 56-199] Attempt to get parsing info during refresh. "On-the-fly" syntax checking information may be incorrect. [G:\IC Desing\IC-desing\Proyecto PONG\Anteproyectos para pong\Project 7 - UART Receiver\Project 7 - UART Receiver.srcs\sources_1\new\UART_RX.sv:]
WARNING: [filemgmt 56-199] Attempt to get parsing info during refresh. "On-the-fly" syntax checking information may be incorrect. [G:\IC Desing\IC-desing\Proyecto PONG\Anteproyectos para pong\Project 7 - UART Receiver\Project 7 - UART Receiver.srcs\sources_1\new\top.sv:]
WARNING: [filemgmt 56-199] Attempt to get parsing info during refresh. "On-the-fly" syntax checking information may be incorrect. [G:\IC Desing\IC-desing\Proyecto PONG\Anteproyectos para pong\Project 7 - UART Receiver\Project 7 - UART Receiver.srcs\sources_1\new\UART_RX.sv:]
WARNING: [filemgmt 56-199] Attempt to get parsing info during refresh. "On-the-fly" syntax checking information may be incorrect. [G:\IC Desing\IC-desing\Proyecto PONG\Anteproyectos para pong\Project 7 - UART Receiver\Project 7 - UART Receiver.srcs\sources_1\new\UART_RX.sv:]
WARNING: [filemgmt 56-199] Attempt to get parsing info during refresh. "On-the-fly" syntax checking information may be incorrect. [G:\IC Desing\IC-desing\Proyecto PONG\Anteproyectos para pong\Project 7 - UART Receiver\Project 7 - UART Receiver.srcs\sources_1\new\Binary_To_7Segment.sv:]
WARNING: [filemgmt 56-199] Attempt to get parsing info during refresh. "On-the-fly" syntax checking information may be incorrect. [G:\IC Desing\IC-desing\Proyecto PONG\Anteproyectos para pong\Project 7 - UART Receiver\Project 7 - UART Receiver.srcs\sources_1\new\UART_RX.sv:]
WARNING: [filemgmt 56-199] Attempt to get parsing info during refresh. "On-the-fly" syntax checking information may be incorrect. [G:\IC Desing\IC-desing\Proyecto PONG\Anteproyectos para pong\Project 7 - UART Receiver\Project 7 - UART Receiver.srcs\sources_1\new\top.sv:]
WARNING: [filemgmt 56-199] Attempt to get parsing info during refresh. "On-the-fly" syntax checking information may be incorrect. [G:\IC Desing\IC-desing\Proyecto PONG\Anteproyectos para pong\Project 7 - UART Receiver\Project 7 - UART Receiver.srcs\sources_1\new\UART_RX.sv:]
WARNING: [filemgmt 56-199] Attempt to get parsing info during refresh. "On-the-fly" syntax checking information may be incorrect. [G:\IC Desing\IC-desing\Proyecto PONG\Anteproyectos para pong\Project 7 - UART Receiver\Project 7 - UART Receiver.srcs\sources_1\new\UART_RX.sv:]
WARNING: [filemgmt 56-199] Attempt to get parsing info during refresh. "On-the-fly" syntax checking information may be incorrect. [G:\IC Desing\IC-desing\Proyecto PONG\Anteproyectos para pong\Project 7 - UART Receiver\Project 7 - UART Receiver.srcs\sources_1\new\Binary_To_7Segment.sv:]
WARNING: [filemgmt 56-199] Attempt to get parsing info during refresh. "On-the-fly" syntax checking information may be incorrect. [G:\IC Desing\IC-desing\Proyecto PONG\Anteproyectos para pong\Project 7 - UART Receiver\Project 7 - UART Receiver.srcs\sources_1\new\UART_RX.sv:]
WARNING: [filemgmt 56-199] Attempt to get parsing info during refresh. "On-the-fly" syntax checking information may be incorrect. [G:\IC Desing\IC-desing\Proyecto PONG\Anteproyectos para pong\Project 7 - UART Receiver\Project 7 - UART Receiver.srcs\sources_1\new\top.sv:]
WARNING: [filemgmt 56-199] Attempt to get parsing info during refresh. "On-the-fly" syntax checking information may be incorrect. [G:\IC Desing\IC-desing\Proyecto PONG\Anteproyectos para pong\Project 7 - UART Receiver\Project 7 - UART Receiver.srcs\sources_1\new\top.sv:]
WARNING: [filemgmt 56-199] Attempt to get parsing info during refresh. "On-the-fly" syntax checking information may be incorrect. [G:\IC Desing\IC-desing\Proyecto PONG\Anteproyectos para pong\Project 7 - UART Receiver\Project 7 - UART Receiver.srcs\sources_1\new\top.sv:]
ERROR: [Common 17-180] Spawn failed: No error
WARNING: [filemgmt 56-199] Attempt to get parsing info during refresh. "On-the-fly" syntax checking information may be incorrect. [G:\IC Desing\IC-desing\Proyecto PONG\Anteproyectos para pong\Project 7 - UART Receiver\Project 7 - UART Receiver.srcs\sources_1\new\Binary_To_7Segment.sv:]
WARNING: [filemgmt 56-199] Attempt to get parsing info during refresh. "On-the-fly" syntax checking information may be incorrect. [G:\IC Desing\IC-desing\Proyecto PONG\Anteproyectos para pong\Project 7 - UART Receiver\Project 7 - UART Receiver.srcs\sources_1\new\UART_RX.sv:]
WARNING: [filemgmt 56-199] Attempt to get parsing info during refresh. "On-the-fly" syntax checking information may be incorrect. [G:\IC Desing\IC-desing\Proyecto PONG\Anteproyectos para pong\Project 7 - UART Receiver\Project 7 - UART Receiver.srcs\sources_1\new\top.sv:]
WARNING: [filemgmt 56-199] Attempt to get parsing info during refresh. "On-the-fly" syntax checking information may be incorrect. [G:\IC Desing\IC-desing\Proyecto PONG\Anteproyectos para pong\Project 7 - UART Receiver\Project 7 - UART Receiver.srcs\sources_1\new\UART_RX.sv:]
WARNING: [filemgmt 56-199] Attempt to get parsing info during refresh. "On-the-fly" syntax checking information may be incorrect. [G:\IC Desing\IC-desing\Proyecto PONG\Anteproyectos para pong\Project 7 - UART Receiver\Project 7 - UART Receiver.srcs\sources_1\new\UART_RX.sv:]
WARNING: [filemgmt 56-199] Attempt to get parsing info during refresh. "On-the-fly" syntax checking information may be incorrect. [G:\IC Desing\IC-desing\Proyecto PONG\Anteproyectos para pong\Project 7 - UART Receiver\Project 7 - UART Receiver.srcs\sources_1\new\Binary_To_7Segment.sv:]
WARNING: [filemgmt 56-199] Attempt to get parsing info during refresh. "On-the-fly" syntax checking information may be incorrect. [G:\IC Desing\IC-desing\Proyecto PONG\Anteproyectos para pong\Project 7 - UART Receiver\Project 7 - UART Receiver.srcs\sources_1\new\UART_RX.sv:]
WARNING: [filemgmt 56-199] Attempt to get parsing info during refresh. "On-the-fly" syntax checking information may be incorrect. [G:\IC Desing\IC-desing\Proyecto PONG\Anteproyectos para pong\Project 7 - UART Receiver\Project 7 - UART Receiver.srcs\sources_1\new\top.sv:]
WARNING: [filemgmt 56-199] Attempt to get parsing info during refresh. "On-the-fly" syntax checking information may be incorrect. [G:\IC Desing\IC-desing\Proyecto PONG\Anteproyectos para pong\Project 7 - UART Receiver\Project 7 - UART Receiver.srcs\sources_1\new\top.sv:]
WARNING: [filemgmt 56-199] Attempt to get parsing info during refresh. "On-the-fly" syntax checking information may be incorrect. [G:\IC Desing\IC-desing\Proyecto PONG\Anteproyectos para pong\Project 7 - UART Receiver\Project 7 - UART Receiver.srcs\sources_1\new\Binary_To_7Segment.sv:]
WARNING: [filemgmt 56-199] Attempt to get parsing info during refresh. "On-the-fly" syntax checking information may be incorrect. [G:\IC Desing\IC-desing\Proyecto PONG\Anteproyectos para pong\Project 7 - UART Receiver\Project 7 - UART Receiver.srcs\sources_1\new\UART_RX.sv:]
WARNING: [filemgmt 56-199] Attempt to get parsing info during refresh. "On-the-fly" syntax checking information may be incorrect. [G:\IC Desing\IC-desing\Proyecto PONG\Anteproyectos para pong\Project 7 - UART Receiver\Project 7 - UART Receiver.srcs\sources_1\new\top.sv:]
WARNING: [filemgmt 56-199] Attempt to get parsing info during refresh. "On-the-fly" syntax checking information may be incorrect. [G:\IC Desing\IC-desing\Proyecto PONG\Anteproyectos para pong\Project 7 - UART Receiver\Project 7 - UART Receiver.srcs\sources_1\new\UART_RX.sv:]
WARNING: [filemgmt 56-199] Attempt to get parsing info during refresh. "On-the-fly" syntax checking information may be incorrect. [G:\IC Desing\IC-desing\Proyecto PONG\Anteproyectos para pong\Project 7 - UART Receiver\Project 7 - UART Receiver.srcs\sources_1\new\UART_RX.sv:]
WARNING: [filemgmt 56-199] Attempt to get parsing info during refresh. "On-the-fly" syntax checking information may be incorrect. [G:\IC Desing\IC-desing\Proyecto PONG\Anteproyectos para pong\Project 7 - UART Receiver\Project 7 - UART Receiver.srcs\sources_1\new\Binary_To_7Segment.sv:]
WARNING: [filemgmt 56-199] Attempt to get parsing info during refresh. "On-the-fly" syntax checking information may be incorrect. [G:\IC Desing\IC-desing\Proyecto PONG\Anteproyectos para pong\Project 7 - UART Receiver\Project 7 - UART Receiver.srcs\sources_1\new\UART_RX.sv:]
WARNING: [filemgmt 56-199] Attempt to get parsing info during refresh. "On-the-fly" syntax checking information may be incorrect. [G:\IC Desing\IC-desing\Proyecto PONG\Anteproyectos para pong\Project 7 - UART Receiver\Project 7 - UART Receiver.srcs\sources_1\new\top.sv:]
WARNING: [filemgmt 56-199] Attempt to get parsing info during refresh. "On-the-fly" syntax checking information may be incorrect. [G:\IC Desing\IC-desing\Proyecto PONG\Anteproyectos para pong\Project 7 - UART Receiver\Project 7 - UART Receiver.srcs\sources_1\new\top.sv:]
WARNING: [filemgmt 56-199] Attempt to get parsing info during refresh. "On-the-fly" syntax checking information may be incorrect. [G:\IC Desing\IC-desing\Proyecto PONG\Anteproyectos para pong\Project 7 - UART Receiver\Project 7 - UART Receiver.srcs\sources_1\new\top.sv:]
update_compile_order -fileset sources_1
WARNING: [filemgmt 56-199] Attempt to get parsing info during refresh. "On-the-fly" syntax checking information may be incorrect. [G:\IC Desing\IC-desing\Proyecto PONG\Anteproyectos para pong\Project 7 - UART Receiver\Project 7 - UART Receiver.srcs\sources_1\new\Binary_To_7Segment.sv:]
WARNING: [filemgmt 56-199] Attempt to get parsing info during refresh. "On-the-fly" syntax checking information may be incorrect. [G:\IC Desing\IC-desing\Proyecto PONG\Anteproyectos para pong\Project 7 - UART Receiver\Project 7 - UART Receiver.srcs\sources_1\new\UART_RX.sv:]
WARNING: [filemgmt 56-199] Attempt to get parsing info during refresh. "On-the-fly" syntax checking information may be incorrect. [G:\IC Desing\IC-desing\Proyecto PONG\Anteproyectos para pong\Project 7 - UART Receiver\Project 7 - UART Receiver.srcs\sources_1\new\top.sv:]
WARNING: [filemgmt 56-199] Attempt to get parsing info during refresh. "On-the-fly" syntax checking information may be incorrect. [G:\IC Desing\IC-desing\Proyecto PONG\Anteproyectos para pong\Project 7 - UART Receiver\Project 7 - UART Receiver.srcs\sources_1\new\UART_RX.sv:]
WARNING: [filemgmt 56-199] Attempt to get parsing info during refresh. "On-the-fly" syntax checking information may be incorrect. [G:\IC Desing\IC-desing\Proyecto PONG\Anteproyectos para pong\Project 7 - UART Receiver\Project 7 - UART Receiver.srcs\sources_1\new\UART_RX.sv:]
WARNING: [filemgmt 56-199] Attempt to get parsing info during refresh. "On-the-fly" syntax checking information may be incorrect. [G:\IC Desing\IC-desing\Proyecto PONG\Anteproyectos para pong\Project 7 - UART Receiver\Project 7 - UART Receiver.srcs\sources_1\new\Binary_To_7Segment.sv:]
WARNING: [filemgmt 56-199] Attempt to get parsing info during refresh. "On-the-fly" syntax checking information may be incorrect. [G:\IC Desing\IC-desing\Proyecto PONG\Anteproyectos para pong\Project 7 - UART Receiver\Project 7 - UART Receiver.srcs\sources_1\new\UART_RX.sv:]
WARNING: [filemgmt 56-199] Attempt to get parsing info during refresh. "On-the-fly" syntax checking information may be incorrect. [G:\IC Desing\IC-desing\Proyecto PONG\Anteproyectos para pong\Project 7 - UART Receiver\Project 7 - UART Receiver.srcs\sources_1\new\top.sv:]
WARNING: [filemgmt 56-199] Attempt to get parsing info during refresh. "On-the-fly" syntax checking information may be incorrect. [G:\IC Desing\IC-desing\Proyecto PONG\Anteproyectos para pong\Project 7 - UART Receiver\Project 7 - UART Receiver.srcs\sources_1\new\top.sv:]
WARNING: [filemgmt 56-199] Attempt to get parsing info during refresh. "On-the-fly" syntax checking information may be incorrect. [G:\IC Desing\IC-desing\Proyecto PONG\Anteproyectos para pong\Project 7 - UART Receiver\Project 7 - UART Receiver.srcs\sources_1\new\top.sv:]
WARNING: [filemgmt 56-199] Attempt to get parsing info during refresh. "On-the-fly" syntax checking information may be incorrect. [G:\IC Desing\IC-desing\Proyecto PONG\Anteproyectos para pong\Project 7 - UART Receiver\Project 7 - UART Receiver.srcs\sources_1\new\Binary_To_7Segment.sv:]
WARNING: [filemgmt 56-199] Attempt to get parsing info during refresh. "On-the-fly" syntax checking information may be incorrect. [G:\IC Desing\IC-desing\Proyecto PONG\Anteproyectos para pong\Project 7 - UART Receiver\Project 7 - UART Receiver.srcs\sources_1\new\UART_RX.sv:]
WARNING: [filemgmt 56-199] Attempt to get parsing info during refresh. "On-the-fly" syntax checking information may be incorrect. [G:\IC Desing\IC-desing\Proyecto PONG\Anteproyectos para pong\Project 7 - UART Receiver\Project 7 - UART Receiver.srcs\sources_1\new\top.sv:]
WARNING: [filemgmt 56-199] Attempt to get parsing info during refresh. "On-the-fly" syntax checking information may be incorrect. [G:\IC Desing\IC-desing\Proyecto PONG\Anteproyectos para pong\Project 7 - UART Receiver\Project 7 - UART Receiver.srcs\sources_1\new\UART_RX.sv:]
WARNING: [filemgmt 56-199] Attempt to get parsing info during refresh. "On-the-fly" syntax checking information may be incorrect. [G:\IC Desing\IC-desing\Proyecto PONG\Anteproyectos para pong\Project 7 - UART Receiver\Project 7 - UART Receiver.srcs\sources_1\new\UART_RX.sv:]
WARNING: [filemgmt 56-199] Attempt to get parsing info during refresh. "On-the-fly" syntax checking information may be incorrect. [G:\IC Desing\IC-desing\Proyecto PONG\Anteproyectos para pong\Project 7 - UART Receiver\Project 7 - UART Receiver.srcs\sources_1\new\Binary_To_7Segment.sv:]
WARNING: [filemgmt 56-199] Attempt to get parsing info during refresh. "On-the-fly" syntax checking information may be incorrect. [G:\IC Desing\IC-desing\Proyecto PONG\Anteproyectos para pong\Project 7 - UART Receiver\Project 7 - UART Receiver.srcs\sources_1\new\UART_RX.sv:]
WARNING: [filemgmt 56-199] Attempt to get parsing info during refresh. "On-the-fly" syntax checking information may be incorrect. [G:\IC Desing\IC-desing\Proyecto PONG\Anteproyectos para pong\Project 7 - UART Receiver\Project 7 - UART Receiver.srcs\sources_1\new\top.sv:]
WARNING: [filemgmt 56-199] Attempt to get parsing info during refresh. "On-the-fly" syntax checking information may be incorrect. [G:\IC Desing\IC-desing\Proyecto PONG\Anteproyectos para pong\Project 7 - UART Receiver\Project 7 - UART Receiver.srcs\sources_1\new\top.sv:]
WARNING: [filemgmt 56-199] Attempt to get parsing info during refresh. "On-the-fly" syntax checking information may be incorrect. [G:\IC Desing\IC-desing\Proyecto PONG\Anteproyectos para pong\Project 7 - UART Receiver\Project 7 - UART Receiver.srcs\sources_1\new\top.sv:]
WARNING: [filemgmt 56-199] Attempt to get parsing info during refresh. "On-the-fly" syntax checking information may be incorrect. [G:\IC Desing\IC-desing\Proyecto PONG\Anteproyectos para pong\Project 7 - UART Receiver\Project 7 - UART Receiver.srcs\sources_1\new\Binary_To_7Segment.sv:]
WARNING: [filemgmt 56-199] Attempt to get parsing info during refresh. "On-the-fly" syntax checking information may be incorrect. [G:\IC Desing\IC-desing\Proyecto PONG\Anteproyectos para pong\Project 7 - UART Receiver\Project 7 - UART Receiver.srcs\sources_1\new\UART_RX.sv:]
WARNING: [filemgmt 56-199] Attempt to get parsing info during refresh. "On-the-fly" syntax checking information may be incorrect. [G:\IC Desing\IC-desing\Proyecto PONG\Anteproyectos para pong\Project 7 - UART Receiver\Project 7 - UART Receiver.srcs\sources_1\new\top.sv:]
WARNING: [filemgmt 56-199] Attempt to get parsing info during refresh. "On-the-fly" syntax checking information may be incorrect. [G:\IC Desing\IC-desing\Proyecto PONG\Anteproyectos para pong\Project 7 - UART Receiver\Project 7 - UART Receiver.srcs\sources_1\new\UART_RX.sv:]
WARNING: [filemgmt 56-199] Attempt to get parsing info during refresh. "On-the-fly" syntax checking information may be incorrect. [G:\IC Desing\IC-desing\Proyecto PONG\Anteproyectos para pong\Project 7 - UART Receiver\Project 7 - UART Receiver.srcs\sources_1\new\UART_RX.sv:]
WARNING: [filemgmt 56-199] Attempt to get parsing info during refresh. "On-the-fly" syntax checking information may be incorrect. [G:\IC Desing\IC-desing\Proyecto PONG\Anteproyectos para pong\Project 7 - UART Receiver\Project 7 - UART Receiver.srcs\sources_1\new\Binary_To_7Segment.sv:]
WARNING: [filemgmt 56-199] Attempt to get parsing info during refresh. "On-the-fly" syntax checking information may be incorrect. [G:\IC Desing\IC-desing\Proyecto PONG\Anteproyectos para pong\Project 7 - UART Receiver\Project 7 - UART Receiver.srcs\sources_1\new\UART_RX.sv:]
WARNING: [filemgmt 56-199] Attempt to get parsing info during refresh. "On-the-fly" syntax checking information may be incorrect. [G:\IC Desing\IC-desing\Proyecto PONG\Anteproyectos para pong\Project 7 - UART Receiver\Project 7 - UART Receiver.srcs\sources_1\new\top.sv:]
WARNING: [filemgmt 56-199] Attempt to get parsing info during refresh. "On-the-fly" syntax checking information may be incorrect. [G:\IC Desing\IC-desing\Proyecto PONG\Anteproyectos para pong\Project 7 - UART Receiver\Project 7 - UART Receiver.srcs\sources_1\new\top.sv:]
WARNING: [filemgmt 56-199] Attempt to get parsing info during refresh. "On-the-fly" syntax checking information may be incorrect. [G:\IC Desing\IC-desing\Proyecto PONG\Anteproyectos para pong\Project 7 - UART Receiver\Project 7 - UART Receiver.srcs\sources_1\new\top.sv:]
WARNING: [filemgmt 56-199] Attempt to get parsing info during refresh. "On-the-fly" syntax checking information may be incorrect. [G:\IC Desing\IC-desing\Proyecto PONG\Anteproyectos para pong\Project 7 - UART Receiver\Project 7 - UART Receiver.srcs\sources_1\new\Binary_To_7Segment.sv:]
WARNING: [filemgmt 56-199] Attempt to get parsing info during refresh. "On-the-fly" syntax checking information may be incorrect. [G:\IC Desing\IC-desing\Proyecto PONG\Anteproyectos para pong\Project 7 - UART Receiver\Project 7 - UART Receiver.srcs\sources_1\new\UART_RX.sv:]
WARNING: [filemgmt 56-199] Attempt to get parsing info during refresh. "On-the-fly" syntax checking information may be incorrect. [G:\IC Desing\IC-desing\Proyecto PONG\Anteproyectos para pong\Project 7 - UART Receiver\Project 7 - UART Receiver.srcs\sources_1\new\top.sv:]
WARNING: [filemgmt 56-199] Attempt to get parsing info during refresh. "On-the-fly" syntax checking information may be incorrect. [G:\IC Desing\IC-desing\Proyecto PONG\Anteproyectos para pong\Project 7 - UART Receiver\Project 7 - UART Receiver.srcs\sources_1\new\UART_RX.sv:]
WARNING: [filemgmt 56-199] Attempt to get parsing info during refresh. "On-the-fly" syntax checking information may be incorrect. [G:\IC Desing\IC-desing\Proyecto PONG\Anteproyectos para pong\Project 7 - UART Receiver\Project 7 - UART Receiver.srcs\sources_1\new\UART_RX.sv:]
WARNING: [filemgmt 56-199] Attempt to get parsing info during refresh. "On-the-fly" syntax checking information may be incorrect. [G:\IC Desing\IC-desing\Proyecto PONG\Anteproyectos para pong\Project 7 - UART Receiver\Project 7 - UART Receiver.srcs\sources_1\new\Binary_To_7Segment.sv:]
WARNING: [filemgmt 56-199] Attempt to get parsing info during refresh. "On-the-fly" syntax checking information may be incorrect. [G:\IC Desing\IC-desing\Proyecto PONG\Anteproyectos para pong\Project 7 - UART Receiver\Project 7 - UART Receiver.srcs\sources_1\new\UART_RX.sv:]
WARNING: [filemgmt 56-199] Attempt to get parsing info during refresh. "On-the-fly" syntax checking information may be incorrect. [G:\IC Desing\IC-desing\Proyecto PONG\Anteproyectos para pong\Project 7 - UART Receiver\Project 7 - UART Receiver.srcs\sources_1\new\top.sv:]
WARNING: [filemgmt 56-199] Attempt to get parsing info during refresh. "On-the-fly" syntax checking information may be incorrect. [G:\IC Desing\IC-desing\Proyecto PONG\Anteproyectos para pong\Project 7 - UART Receiver\Project 7 - UART Receiver.srcs\sources_1\new\UART_RX.sv:]
WARNING: [filemgmt 56-199] Attempt to get parsing info during refresh. "On-the-fly" syntax checking information may be incorrect. [G:\IC Desing\IC-desing\Proyecto PONG\Anteproyectos para pong\Project 7 - UART Receiver\Project 7 - UART Receiver.srcs\sources_1\new\UART_RX.sv:]
WARNING: [filemgmt 56-199] Attempt to get parsing info during refresh. "On-the-fly" syntax checking information may be incorrect. [G:\IC Desing\IC-desing\Proyecto PONG\Anteproyectos para pong\Project 7 - UART Receiver\Project 7 - UART Receiver.srcs\sources_1\new\Binary_To_7Segment.sv:]
WARNING: [filemgmt 56-199] Attempt to get parsing info during refresh. "On-the-fly" syntax checking information may be incorrect. [G:\IC Desing\IC-desing\Proyecto PONG\Anteproyectos para pong\Project 7 - UART Receiver\Project 7 - UART Receiver.srcs\sources_1\new\UART_RX.sv:]
WARNING: [filemgmt 56-199] Attempt to get parsing info during refresh. "On-the-fly" syntax checking information may be incorrect. [G:\IC Desing\IC-desing\Proyecto PONG\Anteproyectos para pong\Project 7 - UART Receiver\Project 7 - UART Receiver.srcs\sources_1\new\top.sv:]
WARNING: [filemgmt 56-199] Attempt to get parsing info during refresh. "On-the-fly" syntax checking information may be incorrect. [G:\IC Desing\IC-desing\Proyecto PONG\Anteproyectos para pong\Project 7 - UART Receiver\Project 7 - UART Receiver.srcs\sources_1\new\top.sv:]
WARNING: [filemgmt 56-199] Attempt to get parsing info during refresh. "On-the-fly" syntax checking information may be incorrect. [G:\IC Desing\IC-desing\Proyecto PONG\Anteproyectos para pong\Project 7 - UART Receiver\Project 7 - UART Receiver.srcs\sources_1\new\top.sv:]
reset_run synth_1
launch_runs synth_1 -jobs 8
[Wed Jul  9 15:40:46 2025] Launched synth_1...
Run output will be captured here: G:/IC Desing/IC-desing/Proyecto PONG/Anteproyectos para pong/Project 7 - UART Receiver/Project 7 - UART Receiver.runs/synth_1/runme.log
launch_runs impl_1 -jobs 8
[Wed Jul  9 15:41:25 2025] Launched impl_1...
Run output will be captured here: G:/IC Desing/IC-desing/Proyecto PONG/Anteproyectos para pong/Project 7 - UART Receiver/Project 7 - UART Receiver.runs/impl_1/runme.log
open_run impl_1
INFO: [Device 21-403] Loading part xc7a35tcpg236-1
INFO: [Device 21-9227] Part: xc7a35tcpg236-1 does not have CEAM library.
Netlist sorting complete. Time (s): cpu = 00:00:00 ; elapsed = 00:00:00 . Memory (MB): peak = 2151.398 ; gain = 0.000
INFO: [Netlist 29-17] Analyzing 4 Unisim elements for replacement
INFO: [Netlist 29-28] Unisim Transformation completed in 0 CPU seconds
INFO: [Project 1-479] Netlist was created with Vivado 2024.1
INFO: [Project 1-570] Preparing netlist for logic optimization
Read ShapeDB Complete: Time (s): cpu = 00:00:00 ; elapsed = 00:00:00.002 . Memory (MB): peak = 2236.945 ; gain = 0.000
INFO: [Timing 38-478] Restoring timing data from binary archive.
INFO: [Timing 38-479] Binary timing data restore complete.
INFO: [Project 1-856] Restoring constraints from binary archive.
INFO: [Project 1-853] Binary constraint restore complete.
INFO: [Designutils 20-5722] Start Reading Physical Databases.
Reading placement.
Read Netlist Cache: Time (s): cpu = 00:00:00 ; elapsed = 00:00:00 . Memory (MB): peak = 2834.340 ; gain = 0.000
Reading placer database...
Read Device Cache: Time (s): cpu = 00:00:00 ; elapsed = 00:00:00.005 . Memory (MB): peak = 2834.340 ; gain = 0.000
Read PlaceDB: Time (s): cpu = 00:00:00 ; elapsed = 00:00:00.004 . Memory (MB): peak = 2834.340 ; gain = 0.000
Read PulsedLatchDB: Time (s): cpu = 00:00:00 ; elapsed = 00:00:00 . Memory (MB): peak = 2834.340 ; gain = 0.000
Reading routing.
Read RouteStorage: Time (s): cpu = 00:00:00 ; elapsed = 00:00:00.021 . Memory (MB): peak = 2834.340 ; gain = 0.000
Read Physdb Files: Time (s): cpu = 00:00:00 ; elapsed = 00:00:00.038 . Memory (MB): peak = 2834.340 ; gain = 0.000
Restored from archive | CPU: 0.000000 secs | Memory: 0.000000 MB |
Finished XDEF File Restore: Time (s): cpu = 00:00:00 ; elapsed = 00:00:00.038 . Memory (MB): peak = 2834.340 ; gain = 0.000
Netlist sorting complete. Time (s): cpu = 00:00:00 ; elapsed = 00:00:00 . Memory (MB): peak = 2834.340 ; gain = 0.000
INFO: [Project 1-111] Unisim Transformation Summary:
No Unisim elements were transformed.

open_run: Time (s): cpu = 00:00:15 ; elapsed = 00:00:11 . Memory (MB): peak = 2974.984 ; gain = 1183.785
WARNING: [filemgmt 56-199] Attempt to get parsing info during refresh. "On-the-fly" syntax checking information may be incorrect. [G:\IC Desing\IC-desing\Proyecto PONG\Anteproyectos para pong\Project 7 - UART Receiver\Project 7 - UART Receiver.srcs\sources_1\new\Binary_To_7Segment.sv:]
WARNING: [filemgmt 56-199] Attempt to get parsing info during refresh. "On-the-fly" syntax checking information may be incorrect. [G:\IC Desing\IC-desing\Proyecto PONG\Anteproyectos para pong\Project 7 - UART Receiver\Project 7 - UART Receiver.srcs\sources_1\new\UART_RX.sv:]
WARNING: [filemgmt 56-199] Attempt to get parsing info during refresh. "On-the-fly" syntax checking information may be incorrect. [G:\IC Desing\IC-desing\Proyecto PONG\Anteproyectos para pong\Project 7 - UART Receiver\Project 7 - UART Receiver.srcs\sources_1\new\top.sv:]
WARNING: [filemgmt 56-199] Attempt to get parsing info during refresh. "On-the-fly" syntax checking information may be incorrect. [G:\IC Desing\IC-desing\Proyecto PONG\Anteproyectos para pong\Project 7 - UART Receiver\Project 7 - UART Receiver.srcs\sources_1\new\UART_RX.sv:]
WARNING: [filemgmt 56-199] Attempt to get parsing info during refresh. "On-the-fly" syntax checking information may be incorrect. [G:\IC Desing\IC-desing\Proyecto PONG\Anteproyectos para pong\Project 7 - UART Receiver\Project 7 - UART Receiver.srcs\sources_1\new\UART_RX.sv:]
reset_run synth_1
INFO: [Project 1-1161] Replacing file G:/IC Desing/IC-desing/Proyecto PONG/Anteproyectos para pong/Project 7 - UART Receiver/Project 7 - UART Receiver.srcs/utils_1/imports/synth_1/top.dcp with file G:/IC Desing/IC-desing/Proyecto PONG/Anteproyectos para pong/Project 7 - UART Receiver/Project 7 - UART Receiver.runs/synth_1/top.dcp
launch_runs synth_1 -jobs 8
WARNING: [filemgmt 56-199] Attempt to get parsing info during refresh. "On-the-fly" syntax checking information may be incorrect. [G:\IC Desing\IC-desing\Proyecto PONG\Anteproyectos para pong\Project 7 - UART Receiver\Project 7 - UART Receiver.srcs\sources_1\new\Binary_To_7Segment.sv:]
WARNING: [filemgmt 56-199] Attempt to get parsing info during refresh. "On-the-fly" syntax checking information may be incorrect. [G:\IC Desing\IC-desing\Proyecto PONG\Anteproyectos para pong\Project 7 - UART Receiver\Project 7 - UART Receiver.srcs\sources_1\new\UART_RX.sv:]
WARNING: [filemgmt 56-199] Attempt to get parsing info during refresh. "On-the-fly" syntax checking information may be incorrect. [G:\IC Desing\IC-desing\Proyecto PONG\Anteproyectos para pong\Project 7 - UART Receiver\Project 7 - UART Receiver.srcs\sources_1\new\top.sv:]
WARNING: [filemgmt 56-199] Attempt to get parsing info during refresh. "On-the-fly" syntax checking information may be incorrect. [G:\IC Desing\IC-desing\Proyecto PONG\Anteproyectos para pong\Project 7 - UART Receiver\Project 7 - UART Receiver.srcs\sources_1\new\UART_RX.sv:]
WARNING: [filemgmt 56-199] Attempt to get parsing info during refresh. "On-the-fly" syntax checking information may be incorrect. [G:\IC Desing\IC-desing\Proyecto PONG\Anteproyectos para pong\Project 7 - UART Receiver\Project 7 - UART Receiver.srcs\sources_1\new\UART_RX.sv:]
WARNING: [filemgmt 56-199] Attempt to get parsing info during refresh. "On-the-fly" syntax checking information may be incorrect. [G:\IC Desing\IC-desing\Proyecto PONG\Anteproyectos para pong\Project 7 - UART Receiver\Project 7 - UART Receiver.srcs\sources_1\new\Binary_To_7Segment.sv:]
WARNING: [filemgmt 56-199] Attempt to get parsing info during refresh. "On-the-fly" syntax checking information may be incorrect. [G:\IC Desing\IC-desing\Proyecto PONG\Anteproyectos para pong\Project 7 - UART Receiver\Project 7 - UART Receiver.srcs\sources_1\new\UART_RX.sv:]
WARNING: [filemgmt 56-199] Attempt to get parsing info during refresh. "On-the-fly" syntax checking information may be incorrect. [G:\IC Desing\IC-desing\Proyecto PONG\Anteproyectos para pong\Project 7 - UART Receiver\Project 7 - UART Receiver.srcs\sources_1\new\top.sv:]
WARNING: [filemgmt 56-199] Attempt to get parsing info during refresh. "On-the-fly" syntax checking information may be incorrect. [G:\IC Desing\IC-desing\Proyecto PONG\Anteproyectos para pong\Project 7 - UART Receiver\Project 7 - UART Receiver.srcs\sources_1\new\top.sv:]
WARNING: [filemgmt 56-199] Attempt to get parsing info during refresh. "On-the-fly" syntax checking information may be incorrect. [G:\IC Desing\IC-desing\Proyecto PONG\Anteproyectos para pong\Project 7 - UART Receiver\Project 7 - UART Receiver.srcs\sources_1\new\top.sv:]
WARNING: [filemgmt 56-199] Attempt to get parsing info during refresh. "On-the-fly" syntax checking information may be incorrect. [G:\IC Desing\IC-desing\Proyecto PONG\Anteproyectos para pong\Project 7 - UART Receiver\Project 7 - UART Receiver.srcs\sources_1\new\Binary_To_7Segment.sv:]
WARNING: [filemgmt 56-199] Attempt to get parsing info during refresh. "On-the-fly" syntax checking information may be incorrect. [G:\IC Desing\IC-desing\Proyecto PONG\Anteproyectos para pong\Project 7 - UART Receiver\Project 7 - UART Receiver.srcs\sources_1\new\UART_RX.sv:]
WARNING: [filemgmt 56-199] Attempt to get parsing info during refresh. "On-the-fly" syntax checking information may be incorrect. [G:\IC Desing\IC-desing\Proyecto PONG\Anteproyectos para pong\Project 7 - UART Receiver\Project 7 - UART Receiver.srcs\sources_1\new\top.sv:]
WARNING: [filemgmt 56-199] Attempt to get parsing info during refresh. "On-the-fly" syntax checking information may be incorrect. [G:\IC Desing\IC-desing\Proyecto PONG\Anteproyectos para pong\Project 7 - UART Receiver\Project 7 - UART Receiver.srcs\sources_1\new\Binary_To_7Segment.sv:]
WARNING: [filemgmt 56-199] Attempt to get parsing info during refresh. "On-the-fly" syntax checking information may be incorrect. [G:\IC Desing\IC-desing\Proyecto PONG\Anteproyectos para pong\Project 7 - UART Receiver\Project 7 - UART Receiver.srcs\sources_1\new\Binary_To_7Segment.sv:]
ERROR: [Common 17-180] Spawn failed: No error
WARNING: [filemgmt 56-199] Attempt to get parsing info during refresh. "On-the-fly" syntax checking information may be incorrect. [G:\IC Desing\IC-desing\Proyecto PONG\Anteproyectos para pong\Project 7 - UART Receiver\Project 7 - UART Receiver.srcs\sources_1\new\Binary_To_7Segment.sv:]
WARNING: [filemgmt 56-199] Attempt to get parsing info during refresh. "On-the-fly" syntax checking information may be incorrect. [G:\IC Desing\IC-desing\Proyecto PONG\Anteproyectos para pong\Project 7 - UART Receiver\Project 7 - UART Receiver.srcs\sources_1\new\UART_RX.sv:]
WARNING: [filemgmt 56-199] Attempt to get parsing info during refresh. "On-the-fly" syntax checking information may be incorrect. [G:\IC Desing\IC-desing\Proyecto PONG\Anteproyectos para pong\Project 7 - UART Receiver\Project 7 - UART Receiver.srcs\sources_1\new\top.sv:]
WARNING: [filemgmt 56-199] Attempt to get parsing info during refresh. "On-the-fly" syntax checking information may be incorrect. [G:\IC Desing\IC-desing\Proyecto PONG\Anteproyectos para pong\Project 7 - UART Receiver\Project 7 - UART Receiver.srcs\sources_1\new\top.sv:]
WARNING: [filemgmt 56-199] Attempt to get parsing info during refresh. "On-the-fly" syntax checking information may be incorrect. [G:\IC Desing\IC-desing\Proyecto PONG\Anteproyectos para pong\Project 7 - UART Receiver\Project 7 - UART Receiver.srcs\sources_1\new\top.sv:]
ERROR: [Common 17-180] Spawn failed: No error
WARNING: [filemgmt 56-199] Attempt to get parsing info during refresh. "On-the-fly" syntax checking information may be incorrect. [G:\IC Desing\IC-desing\Proyecto PONG\Anteproyectos para pong\Project 7 - UART Receiver\Project 7 - UART Receiver.srcs\sources_1\new\Binary_To_7Segment.sv:]
WARNING: [filemgmt 56-199] Attempt to get parsing info during refresh. "On-the-fly" syntax checking information may be incorrect. [G:\IC Desing\IC-desing\Proyecto PONG\Anteproyectos para pong\Project 7 - UART Receiver\Project 7 - UART Receiver.srcs\sources_1\new\UART_RX.sv:]
WARNING: [filemgmt 56-199] Attempt to get parsing info during refresh. "On-the-fly" syntax checking information may be incorrect. [G:\IC Desing\IC-desing\Proyecto PONG\Anteproyectos para pong\Project 7 - UART Receiver\Project 7 - UART Receiver.srcs\sources_1\new\top.sv:]
WARNING: [filemgmt 56-199] Attempt to get parsing info during refresh. "On-the-fly" syntax checking information may be incorrect. [G:\IC Desing\IC-desing\Proyecto PONG\Anteproyectos para pong\Project 7 - UART Receiver\Project 7 - UART Receiver.srcs\sources_1\new\Binary_To_7Segment.sv:]
WARNING: [filemgmt 56-199] Attempt to get parsing info during refresh. "On-the-fly" syntax checking information may be incorrect. [G:\IC Desing\IC-desing\Proyecto PONG\Anteproyectos para pong\Project 7 - UART Receiver\Project 7 - UART Receiver.srcs\sources_1\new\Binary_To_7Segment.sv:]
ERROR: [Vivado 12-4756] Launch of runs aborted due to earlier errors while preparing sub-designs for run execution.
ERROR: [Common 17-180] Spawn failed: No error
launch_runs synth_1 -jobs 8
[Wed Jul  9 15:43:39 2025] Launched synth_1...
Run output will be captured here: G:/IC Desing/IC-desing/Proyecto PONG/Anteproyectos para pong/Project 7 - UART Receiver/Project 7 - UART Receiver.runs/synth_1/runme.log
close_design
launch_runs impl_1 -jobs 8
[Wed Jul  9 15:44:15 2025] Launched impl_1...
Run output will be captured here: G:/IC Desing/IC-desing/Proyecto PONG/Anteproyectos para pong/Project 7 - UART Receiver/Project 7 - UART Receiver.runs/impl_1/runme.log
open_run impl_1
Netlist sorting complete. Time (s): cpu = 00:00:00 ; elapsed = 00:00:00.001 . Memory (MB): peak = 3005.984 ; gain = 0.000
INFO: [Netlist 29-17] Analyzing 4 Unisim elements for replacement
INFO: [Netlist 29-28] Unisim Transformation completed in 0 CPU seconds
INFO: [Project 1-479] Netlist was created with Vivado 2024.1
INFO: [Project 1-570] Preparing netlist for logic optimization
Read ShapeDB Complete: Time (s): cpu = 00:00:00 ; elapsed = 00:00:00.002 . Memory (MB): peak = 3005.984 ; gain = 0.000
INFO: [Timing 38-478] Restoring timing data from binary archive.
INFO: [Timing 38-479] Binary timing data restore complete.
INFO: [Project 1-856] Restoring constraints from binary archive.
INFO: [Project 1-853] Binary constraint restore complete.
INFO: [Designutils 20-5722] Start Reading Physical Databases.
Reading placement.
Read Netlist Cache: Time (s): cpu = 00:00:00 ; elapsed = 00:00:00 . Memory (MB): peak = 3005.984 ; gain = 0.000
Reading placer database...
Read Device Cache: Time (s): cpu = 00:00:00 ; elapsed = 00:00:00.005 . Memory (MB): peak = 3005.984 ; gain = 0.000
Read PlaceDB: Time (s): cpu = 00:00:00 ; elapsed = 00:00:00.004 . Memory (MB): peak = 3005.984 ; gain = 0.000
Read PulsedLatchDB: Time (s): cpu = 00:00:00 ; elapsed = 00:00:00 . Memory (MB): peak = 3005.984 ; gain = 0.000
Reading routing.
Read RouteStorage: Time (s): cpu = 00:00:00 ; elapsed = 00:00:00.005 . Memory (MB): peak = 3005.984 ; gain = 0.000
Read Physdb Files: Time (s): cpu = 00:00:00 ; elapsed = 00:00:00.021 . Memory (MB): peak = 3005.984 ; gain = 0.000
Restored from archive | CPU: 0.000000 secs | Memory: 0.000000 MB |
Finished XDEF File Restore: Time (s): cpu = 00:00:00 ; elapsed = 00:00:00.021 . Memory (MB): peak = 3005.984 ; gain = 0.000
Netlist sorting complete. Time (s): cpu = 00:00:00 ; elapsed = 00:00:00 . Memory (MB): peak = 3005.984 ; gain = 0.000
INFO: [Project 1-111] Unisim Transformation Summary:
No Unisim elements were transformed.

open_run: Time (s): cpu = 00:00:10 ; elapsed = 00:00:07 . Memory (MB): peak = 3005.984 ; gain = 0.000
launch_runs impl_1 -to_step write_bitstream -jobs 8
[Wed Jul  9 15:46:07 2025] Launched impl_1...
Run output will be captured here: G:/IC Desing/IC-desing/Proyecto PONG/Anteproyectos para pong/Project 7 - UART Receiver/Project 7 - UART Receiver.runs/impl_1/runme.log
open_hw_manager
connect_hw_server -allow_non_jtag
INFO: [Labtools 27-2285] Connecting to hw_server url TCP:localhost:3121
INFO: [Labtools 27-2222] Launching hw_server...
INFO: [Labtools 27-2221] Launch Output:

****** Xilinx hw_server v2024.1.0
  **** Build date : Mar  6 2024 at 20:50:54
    ** Copyright 1986-2022 Xilinx, Inc. All Rights Reserved.


INFO: [Labtools 27-3415] Connecting to cs_server url TCP:localhost:0
INFO: [Labtools 27-3417] Launching cs_server...
INFO: [Labtools 27-2221] Launch Output:


******** Xilinx cs_server v2024.1.0
  ****** Build date   : Mar 08 2024-18:00:37
    **** Build number : 2024.1.1709942437
      ** Copyright 2017-2022 Xilinx, Inc. All Rights Reserved.
      ** Copyright 2022-2025 Advanced Micro Devices, Inc. All Rights Reserved.



connect_hw_server: Time (s): cpu = 00:00:01 ; elapsed = 00:00:06 . Memory (MB): peak = 3095.109 ; gain = 0.000
open_hw_target
INFO: [Labtoolstcl 44-466] Opening hw_target localhost:3121/xilinx_tcf/Digilent/210183B5A156A
current_hw_device [get_hw_devices xc7a35t_0]
refresh_hw_device -update_hw_probes false [lindex [get_hw_devices xc7a35t_0] 0]
INFO: [Labtools 27-1435] Device xc7a35t (JTAG device index = 0) is not programmed (DONE status = 0).
WARNING: [filemgmt 56-199] Attempt to get parsing info during refresh. "On-the-fly" syntax checking information may be incorrect. [G:\IC Desing\IC-desing\Proyecto PONG\Anteproyectos para pong\Project 7 - UART Receiver\Project 7 - UART Receiver.srcs\sources_1\new\Binary_To_7Segment.sv:]
WARNING: [filemgmt 56-199] Attempt to get parsing info during refresh. "On-the-fly" syntax checking information may be incorrect. [G:\IC Desing\IC-desing\Proyecto PONG\Anteproyectos para pong\Project 7 - UART Receiver\Project 7 - UART Receiver.srcs\sources_1\new\UART_RX.sv:]
WARNING: [filemgmt 56-199] Attempt to get parsing info during refresh. "On-the-fly" syntax checking information may be incorrect. [G:\IC Desing\IC-desing\Proyecto PONG\Anteproyectos para pong\Project 7 - UART Receiver\Project 7 - UART Receiver.srcs\sources_1\new\top.sv:]
WARNING: [filemgmt 56-199] Attempt to get parsing info during refresh. "On-the-fly" syntax checking information may be incorrect. [G:\IC Desing\IC-desing\Proyecto PONG\Anteproyectos para pong\Project 7 - UART Receiver\Project 7 - UART Receiver.srcs\sources_1\new\UART_RX.sv:]
WARNING: [filemgmt 56-199] Attempt to get parsing info during refresh. "On-the-fly" syntax checking information may be incorrect. [G:\IC Desing\IC-desing\Proyecto PONG\Anteproyectos para pong\Project 7 - UART Receiver\Project 7 - UART Receiver.srcs\sources_1\new\UART_RX.sv:]
WARNING: [filemgmt 56-199] Attempt to get parsing info during refresh. "On-the-fly" syntax checking information may be incorrect. [G:\IC Desing\IC-desing\Proyecto PONG\Anteproyectos para pong\Project 7 - UART Receiver\Project 7 - UART Receiver.srcs\sources_1\new\Binary_To_7Segment.sv:]
WARNING: [filemgmt 56-199] Attempt to get parsing info during refresh. "On-the-fly" syntax checking information may be incorrect. [G:\IC Desing\IC-desing\Proyecto PONG\Anteproyectos para pong\Project 7 - UART Receiver\Project 7 - UART Receiver.srcs\sources_1\new\UART_RX.sv:]
WARNING: [filemgmt 56-199] Attempt to get parsing info during refresh. "On-the-fly" syntax checking information may be incorrect. [G:\IC Desing\IC-desing\Proyecto PONG\Anteproyectos para pong\Project 7 - UART Receiver\Project 7 - UART Receiver.srcs\sources_1\new\top.sv:]
WARNING: [filemgmt 56-199] Attempt to get parsing info during refresh. "On-the-fly" syntax checking information may be incorrect. [G:\IC Desing\IC-desing\Proyecto PONG\Anteproyectos para pong\Project 7 - UART Receiver\Project 7 - UART Receiver.srcs\sources_1\new\top.sv:]
WARNING: [filemgmt 56-199] Attempt to get parsing info during refresh. "On-the-fly" syntax checking information may be incorrect. [G:\IC Desing\IC-desing\Proyecto PONG\Anteproyectos para pong\Project 7 - UART Receiver\Project 7 - UART Receiver.srcs\sources_1\new\top.sv:]
reset_run synth_1
INFO: [Project 1-1161] Replacing file G:/IC Desing/IC-desing/Proyecto PONG/Anteproyectos para pong/Project 7 - UART Receiver/Project 7 - UART Receiver.srcs/utils_1/imports/synth_1/top.dcp with file G:/IC Desing/IC-desing/Proyecto PONG/Anteproyectos para pong/Project 7 - UART Receiver/Project 7 - UART Receiver.runs/synth_1/top.dcp
launch_runs synth_1 -jobs 8
[Wed Jul  9 15:50:52 2025] Launched synth_1...
Run output will be captured here: G:/IC Desing/IC-desing/Proyecto PONG/Anteproyectos para pong/Project 7 - UART Receiver/Project 7 - UART Receiver.runs/synth_1/runme.log
WARNING: [filemgmt 56-199] Attempt to get parsing info during refresh. "On-the-fly" syntax checking information may be incorrect. [G:\IC Desing\IC-desing\Proyecto PONG\Anteproyectos para pong\Project 7 - UART Receiver\Project 7 - UART Receiver.srcs\sources_1\new\Binary_To_7Segment.sv:]
WARNING: [filemgmt 56-199] Attempt to get parsing info during refresh. "On-the-fly" syntax checking information may be incorrect. [G:\IC Desing\IC-desing\Proyecto PONG\Anteproyectos para pong\Project 7 - UART Receiver\Project 7 - UART Receiver.srcs\sources_1\new\UART_RX.sv:]
WARNING: [filemgmt 56-199] Attempt to get parsing info during refresh. "On-the-fly" syntax checking information may be incorrect. [G:\IC Desing\IC-desing\Proyecto PONG\Anteproyectos para pong\Project 7 - UART Receiver\Project 7 - UART Receiver.srcs\sources_1\new\top.sv:]
WARNING: [filemgmt 56-199] Attempt to get parsing info during refresh. "On-the-fly" syntax checking information may be incorrect. [G:\IC Desing\IC-desing\Proyecto PONG\Anteproyectos para pong\Project 7 - UART Receiver\Project 7 - UART Receiver.srcs\sources_1\new\UART_RX.sv:]
WARNING: [filemgmt 56-199] Attempt to get parsing info during refresh. "On-the-fly" syntax checking information may be incorrect. [G:\IC Desing\IC-desing\Proyecto PONG\Anteproyectos para pong\Project 7 - UART Receiver\Project 7 - UART Receiver.srcs\sources_1\new\UART_RX.sv:]
WARNING: [filemgmt 56-199] Attempt to get parsing info during refresh. "On-the-fly" syntax checking information may be incorrect. [G:\IC Desing\IC-desing\Proyecto PONG\Anteproyectos para pong\Project 7 - UART Receiver\Project 7 - UART Receiver.srcs\sources_1\new\Binary_To_7Segment.sv:]
WARNING: [filemgmt 56-199] Attempt to get parsing info during refresh. "On-the-fly" syntax checking information may be incorrect. [G:\IC Desing\IC-desing\Proyecto PONG\Anteproyectos para pong\Project 7 - UART Receiver\Project 7 - UART Receiver.srcs\sources_1\new\UART_RX.sv:]
WARNING: [filemgmt 56-199] Attempt to get parsing info during refresh. "On-the-fly" syntax checking information may be incorrect. [G:\IC Desing\IC-desing\Proyecto PONG\Anteproyectos para pong\Project 7 - UART Receiver\Project 7 - UART Receiver.srcs\sources_1\new\top.sv:]
WARNING: [filemgmt 56-199] Attempt to get parsing info during refresh. "On-the-fly" syntax checking information may be incorrect. [G:\IC Desing\IC-desing\Proyecto PONG\Anteproyectos para pong\Project 7 - UART Receiver\Project 7 - UART Receiver.srcs\sources_1\new\top.sv:]
WARNING: [filemgmt 56-199] Attempt to get parsing info during refresh. "On-the-fly" syntax checking information may be incorrect. [G:\IC Desing\IC-desing\Proyecto PONG\Anteproyectos para pong\Project 7 - UART Receiver\Project 7 - UART Receiver.srcs\sources_1\new\top.sv:]
launch_runs impl_1 -jobs 8
[Wed Jul  9 15:51:33 2025] Launched impl_1...
Run output will be captured here: G:/IC Desing/IC-desing/Proyecto PONG/Anteproyectos para pong/Project 7 - UART Receiver/Project 7 - UART Receiver.runs/impl_1/runme.log
WARNING: [filemgmt 56-199] Attempt to get parsing info during refresh. "On-the-fly" syntax checking information may be incorrect. [G:\IC Desing\IC-desing\Proyecto PONG\Anteproyectos para pong\Project 7 - UART Receiver\Project 7 - UART Receiver.srcs\sources_1\new\Binary_To_7Segment.sv:]
WARNING: [filemgmt 56-199] Attempt to get parsing info during refresh. "On-the-fly" syntax checking information may be incorrect. [G:\IC Desing\IC-desing\Proyecto PONG\Anteproyectos para pong\Project 7 - UART Receiver\Project 7 - UART Receiver.srcs\sources_1\new\UART_RX.sv:]
WARNING: [filemgmt 56-199] Attempt to get parsing info during refresh. "On-the-fly" syntax checking information may be incorrect. [G:\IC Desing\IC-desing\Proyecto PONG\Anteproyectos para pong\Project 7 - UART Receiver\Project 7 - UART Receiver.srcs\sources_1\new\top.sv:]
WARNING: [filemgmt 56-199] Attempt to get parsing info during refresh. "On-the-fly" syntax checking information may be incorrect. [G:\IC Desing\IC-desing\Proyecto PONG\Anteproyectos para pong\Project 7 - UART Receiver\Project 7 - UART Receiver.srcs\sources_1\new\UART_RX.sv:]
WARNING: [filemgmt 56-199] Attempt to get parsing info during refresh. "On-the-fly" syntax checking information may be incorrect. [G:\IC Desing\IC-desing\Proyecto PONG\Anteproyectos para pong\Project 7 - UART Receiver\Project 7 - UART Receiver.srcs\sources_1\new\UART_RX.sv:]
WARNING: [filemgmt 56-199] Attempt to get parsing info during refresh. "On-the-fly" syntax checking information may be incorrect. [G:\IC Desing\IC-desing\Proyecto PONG\Anteproyectos para pong\Project 7 - UART Receiver\Project 7 - UART Receiver.srcs\sources_1\new\Binary_To_7Segment.sv:]
WARNING: [filemgmt 56-199] Attempt to get parsing info during refresh. "On-the-fly" syntax checking information may be incorrect. [G:\IC Desing\IC-desing\Proyecto PONG\Anteproyectos para pong\Project 7 - UART Receiver\Project 7 - UART Receiver.srcs\sources_1\new\UART_RX.sv:]
WARNING: [filemgmt 56-199] Attempt to get parsing info during refresh. "On-the-fly" syntax checking information may be incorrect. [G:\IC Desing\IC-desing\Proyecto PONG\Anteproyectos para pong\Project 7 - UART Receiver\Project 7 - UART Receiver.srcs\sources_1\new\top.sv:]
WARNING: [filemgmt 56-199] Attempt to get parsing info during refresh. "On-the-fly" syntax checking information may be incorrect. [G:\IC Desing\IC-desing\Proyecto PONG\Anteproyectos para pong\Project 7 - UART Receiver\Project 7 - UART Receiver.srcs\sources_1\new\top.sv:]
WARNING: [filemgmt 56-199] Attempt to get parsing info during refresh. "On-the-fly" syntax checking information may be incorrect. [G:\IC Desing\IC-desing\Proyecto PONG\Anteproyectos para pong\Project 7 - UART Receiver\Project 7 - UART Receiver.srcs\sources_1\new\top.sv:]
refresh_design
Netlist sorting complete. Time (s): cpu = 00:00:00 ; elapsed = 00:00:00.001 . Memory (MB): peak = 3095.109 ; gain = 0.000
INFO: [Netlist 29-17] Analyzing 4 Unisim elements for replacement
INFO: [Netlist 29-28] Unisim Transformation completed in 0 CPU seconds
INFO: [Project 1-479] Netlist was created with Vivado 2024.1
INFO: [Project 1-570] Preparing netlist for logic optimization
Read ShapeDB Complete: Time (s): cpu = 00:00:00 ; elapsed = 00:00:00.002 . Memory (MB): peak = 3095.109 ; gain = 0.000
INFO: [Timing 38-478] Restoring timing data from binary archive.
INFO: [Timing 38-479] Binary timing data restore complete.
INFO: [Project 1-856] Restoring constraints from binary archive.
INFO: [Project 1-853] Binary constraint restore complete.
INFO: [Designutils 20-5722] Start Reading Physical Databases.
Reading placement.
Read Netlist Cache: Time (s): cpu = 00:00:00 ; elapsed = 00:00:00 . Memory (MB): peak = 3095.109 ; gain = 0.000
Reading placer database...
Read Device Cache: Time (s): cpu = 00:00:00 ; elapsed = 00:00:00.006 . Memory (MB): peak = 3095.109 ; gain = 0.000
Read PlaceDB: Time (s): cpu = 00:00:00 ; elapsed = 00:00:00.003 . Memory (MB): peak = 3095.109 ; gain = 0.000
Read PulsedLatchDB: Time (s): cpu = 00:00:00 ; elapsed = 00:00:00 . Memory (MB): peak = 3095.109 ; gain = 0.000
Reading routing.
Read RouteStorage: Time (s): cpu = 00:00:00 ; elapsed = 00:00:00.004 . Memory (MB): peak = 3095.109 ; gain = 0.000
Read Physdb Files: Time (s): cpu = 00:00:00 ; elapsed = 00:00:00.025 . Memory (MB): peak = 3095.109 ; gain = 0.000
Restored from archive | CPU: 0.000000 secs | Memory: 0.000000 MB |
Finished XDEF File Restore: Time (s): cpu = 00:00:00 ; elapsed = 00:00:00.025 . Memory (MB): peak = 3095.109 ; gain = 0.000
refresh_design: Time (s): cpu = 00:00:11 ; elapsed = 00:00:07 . Memory (MB): peak = 3095.109 ; gain = 0.000
reset_run synth_1
INFO: [Project 1-1161] Replacing file G:/IC Desing/IC-desing/Proyecto PONG/Anteproyectos para pong/Project 7 - UART Receiver/Project 7 - UART Receiver.srcs/utils_1/imports/synth_1/top.dcp with file G:/IC Desing/IC-desing/Proyecto PONG/Anteproyectos para pong/Project 7 - UART Receiver/Project 7 - UART Receiver.runs/synth_1/top.dcp
launch_runs synth_1 -jobs 8
[Wed Jul  9 15:52:32 2025] Launched synth_1...
Run output will be captured here: G:/IC Desing/IC-desing/Proyecto PONG/Anteproyectos para pong/Project 7 - UART Receiver/Project 7 - UART Receiver.runs/synth_1/runme.log
WARNING: [filemgmt 56-199] Attempt to get parsing info during refresh. "On-the-fly" syntax checking information may be incorrect. [G:\IC Desing\IC-desing\Proyecto PONG\Anteproyectos para pong\Project 7 - UART Receiver\Project 7 - UART Receiver.srcs\sources_1\new\Binary_To_7Segment.sv:]
WARNING: [filemgmt 56-199] Attempt to get parsing info during refresh. "On-the-fly" syntax checking information may be incorrect. [G:\IC Desing\IC-desing\Proyecto PONG\Anteproyectos para pong\Project 7 - UART Receiver\Project 7 - UART Receiver.srcs\sources_1\new\UART_RX.sv:]
WARNING: [filemgmt 56-199] Attempt to get parsing info during refresh. "On-the-fly" syntax checking information may be incorrect. [G:\IC Desing\IC-desing\Proyecto PONG\Anteproyectos para pong\Project 7 - UART Receiver\Project 7 - UART Receiver.srcs\sources_1\new\top.sv:]
WARNING: [filemgmt 56-199] Attempt to get parsing info during refresh. "On-the-fly" syntax checking information may be incorrect. [G:\IC Desing\IC-desing\Proyecto PONG\Anteproyectos para pong\Project 7 - UART Receiver\Project 7 - UART Receiver.srcs\sources_1\new\UART_RX.sv:]
WARNING: [filemgmt 56-199] Attempt to get parsing info during refresh. "On-the-fly" syntax checking information may be incorrect. [G:\IC Desing\IC-desing\Proyecto PONG\Anteproyectos para pong\Project 7 - UART Receiver\Project 7 - UART Receiver.srcs\sources_1\new\UART_RX.sv:]
close_design
launch_runs impl_1 -jobs 8
[Wed Jul  9 15:58:00 2025] Launched impl_1...
Run output will be captured here: G:/IC Desing/IC-desing/Proyecto PONG/Anteproyectos para pong/Project 7 - UART Receiver/Project 7 - UART Receiver.runs/impl_1/runme.log
open_run impl_1
Netlist sorting complete. Time (s): cpu = 00:00:00 ; elapsed = 00:00:00 . Memory (MB): peak = 3133.453 ; gain = 0.000
INFO: [Netlist 29-17] Analyzing 4 Unisim elements for replacement
INFO: [Netlist 29-28] Unisim Transformation completed in 0 CPU seconds
INFO: [Project 1-479] Netlist was created with Vivado 2024.1
INFO: [Project 1-570] Preparing netlist for logic optimization
Read ShapeDB Complete: Time (s): cpu = 00:00:00 ; elapsed = 00:00:00.002 . Memory (MB): peak = 3133.453 ; gain = 0.000
INFO: [Timing 38-478] Restoring timing data from binary archive.
INFO: [Timing 38-479] Binary timing data restore complete.
INFO: [Project 1-856] Restoring constraints from binary archive.
INFO: [Project 1-853] Binary constraint restore complete.
INFO: [Designutils 20-5722] Start Reading Physical Databases.
Reading placement.
Read Netlist Cache: Time (s): cpu = 00:00:00 ; elapsed = 00:00:00 . Memory (MB): peak = 3133.453 ; gain = 0.000
Reading placer database...
Read Device Cache: Time (s): cpu = 00:00:00 ; elapsed = 00:00:00.005 . Memory (MB): peak = 3133.453 ; gain = 0.000
Read PlaceDB: Time (s): cpu = 00:00:00 ; elapsed = 00:00:00.004 . Memory (MB): peak = 3133.453 ; gain = 0.000
Read PulsedLatchDB: Time (s): cpu = 00:00:00 ; elapsed = 00:00:00 . Memory (MB): peak = 3133.453 ; gain = 0.000
Reading routing.
Read RouteStorage: Time (s): cpu = 00:00:00 ; elapsed = 00:00:00.004 . Memory (MB): peak = 3133.453 ; gain = 0.000
Read Physdb Files: Time (s): cpu = 00:00:00 ; elapsed = 00:00:00.020 . Memory (MB): peak = 3133.453 ; gain = 0.000
Restored from archive | CPU: 0.000000 secs | Memory: 0.000000 MB |
Finished XDEF File Restore: Time (s): cpu = 00:00:00 ; elapsed = 00:00:00.021 . Memory (MB): peak = 3133.453 ; gain = 0.000
Netlist sorting complete. Time (s): cpu = 00:00:00 ; elapsed = 00:00:00 . Memory (MB): peak = 3133.453 ; gain = 0.000
INFO: [Project 1-111] Unisim Transformation Summary:
No Unisim elements were transformed.

open_run: Time (s): cpu = 00:00:10 ; elapsed = 00:00:07 . Memory (MB): peak = 3133.453 ; gain = 0.000
launch_runs impl_1 -to_step write_bitstream -jobs 8
[Wed Jul  9 15:59:01 2025] Launched impl_1...
Run output will be captured here: G:/IC Desing/IC-desing/Proyecto PONG/Anteproyectos para pong/Project 7 - UART Receiver/Project 7 - UART Receiver.runs/impl_1/runme.log
set_property PROBES.FILE {} [get_hw_devices xc7a35t_0]
set_property FULL_PROBES.FILE {} [get_hw_devices xc7a35t_0]
set_property PROGRAM.FILE {G:/IC Desing/IC-desing/Proyecto PONG/Anteproyectos para pong/Project 7 - UART Receiver/Project 7 - UART Receiver.runs/impl_1/top.bit} [get_hw_devices xc7a35t_0]
program_hw_devices [get_hw_devices xc7a35t_0]
INFO: [Labtools 27-3164] End of startup status: HIGH
refresh_hw_device [lindex [get_hw_devices xc7a35t_0] 0]
INFO: [Labtools 27-1434] Device xc7a35t (JTAG device index = 0) is programmed with a design that has no supported debug core(s) in it.
reset_run synth_1
INFO: [Project 1-1161] Replacing file G:/IC Desing/IC-desing/Proyecto PONG/Anteproyectos para pong/Project 7 - UART Receiver/Project 7 - UART Receiver.srcs/utils_1/imports/synth_1/top.dcp with file G:/IC Desing/IC-desing/Proyecto PONG/Anteproyectos para pong/Project 7 - UART Receiver/Project 7 - UART Receiver.runs/synth_1/top.dcp
launch_runs synth_1 -jobs 8
WARNING: [filemgmt 56-199] Attempt to get parsing info during refresh. "On-the-fly" syntax checking information may be incorrect. [G:\IC Desing\IC-desing\Proyecto PONG\Anteproyectos para pong\Project 7 - UART Receiver\Project 7 - UART Receiver.srcs\sources_1\new\Binary_To_7Segment.sv:]
WARNING: [filemgmt 56-199] Attempt to get parsing info during refresh. "On-the-fly" syntax checking information may be incorrect. [G:\IC Desing\IC-desing\Proyecto PONG\Anteproyectos para pong\Project 7 - UART Receiver\Project 7 - UART Receiver.srcs\sources_1\new\UART_RX.sv:]
WARNING: [filemgmt 56-199] Attempt to get parsing info during refresh. "On-the-fly" syntax checking information may be incorrect. [G:\IC Desing\IC-desing\Proyecto PONG\Anteproyectos para pong\Project 7 - UART Receiver\Project 7 - UART Receiver.srcs\sources_1\new\top.sv:]
WARNING: [filemgmt 56-199] Attempt to get parsing info during refresh. "On-the-fly" syntax checking information may be incorrect. [G:\IC Desing\IC-desing\Proyecto PONG\Anteproyectos para pong\Project 7 - UART Receiver\Project 7 - UART Receiver.srcs\sources_1\new\Binary_To_7Segment.sv:]
WARNING: [filemgmt 56-199] Attempt to get parsing info during refresh. "On-the-fly" syntax checking information may be incorrect. [G:\IC Desing\IC-desing\Proyecto PONG\Anteproyectos para pong\Project 7 - UART Receiver\Project 7 - UART Receiver.srcs\sources_1\new\Binary_To_7Segment.sv:]
WARNING: [filemgmt 56-199] Attempt to get parsing info during refresh. "On-the-fly" syntax checking information may be incorrect. [G:\IC Desing\IC-desing\Proyecto PONG\Anteproyectos para pong\Project 7 - UART Receiver\Project 7 - UART Receiver.srcs\sources_1\new\Binary_To_7Segment.sv:]
WARNING: [filemgmt 56-199] Attempt to get parsing info during refresh. "On-the-fly" syntax checking information may be incorrect. [G:\IC Desing\IC-desing\Proyecto PONG\Anteproyectos para pong\Project 7 - UART Receiver\Project 7 - UART Receiver.srcs\sources_1\new\UART_RX.sv:]
WARNING: [filemgmt 56-199] Attempt to get parsing info during refresh. "On-the-fly" syntax checking information may be incorrect. [G:\IC Desing\IC-desing\Proyecto PONG\Anteproyectos para pong\Project 7 - UART Receiver\Project 7 - UART Receiver.srcs\sources_1\new\top.sv:]
WARNING: [filemgmt 56-199] Attempt to get parsing info during refresh. "On-the-fly" syntax checking information may be incorrect. [G:\IC Desing\IC-desing\Proyecto PONG\Anteproyectos para pong\Project 7 - UART Receiver\Project 7 - UART Receiver.srcs\sources_1\new\UART_RX.sv:]
WARNING: [filemgmt 56-199] Attempt to get parsing info during refresh. "On-the-fly" syntax checking information may be incorrect. [G:\IC Desing\IC-desing\Proyecto PONG\Anteproyectos para pong\Project 7 - UART Receiver\Project 7 - UART Receiver.srcs\sources_1\new\UART_RX.sv:]
[Wed Jul  9 16:07:16 2025] Launched synth_1...
Run output will be captured here: G:/IC Desing/IC-desing/Proyecto PONG/Anteproyectos para pong/Project 7 - UART Receiver/Project 7 - UART Receiver.runs/synth_1/runme.log
ERROR: [Common 17-180] Spawn failed: No error
WARNING: [filemgmt 56-199] Attempt to get parsing info during refresh. "On-the-fly" syntax checking information may be incorrect. [G:\IC Desing\IC-desing\Proyecto PONG\Anteproyectos para pong\Project 7 - UART Receiver\Project 7 - UART Receiver.srcs\sources_1\new\Binary_To_7Segment.sv:]
WARNING: [filemgmt 56-199] Attempt to get parsing info during refresh. "On-the-fly" syntax checking information may be incorrect. [G:\IC Desing\IC-desing\Proyecto PONG\Anteproyectos para pong\Project 7 - UART Receiver\Project 7 - UART Receiver.srcs\sources_1\new\UART_RX.sv:]
WARNING: [filemgmt 56-199] Attempt to get parsing info during refresh. "On-the-fly" syntax checking information may be incorrect. [G:\IC Desing\IC-desing\Proyecto PONG\Anteproyectos para pong\Project 7 - UART Receiver\Project 7 - UART Receiver.srcs\sources_1\new\top.sv:]
WARNING: [filemgmt 56-199] Attempt to get parsing info during refresh. "On-the-fly" syntax checking information may be incorrect. [G:\IC Desing\IC-desing\Proyecto PONG\Anteproyectos para pong\Project 7 - UART Receiver\Project 7 - UART Receiver.srcs\sources_1\new\UART_RX.sv:]
WARNING: [filemgmt 56-199] Attempt to get parsing info during refresh. "On-the-fly" syntax checking information may be incorrect. [G:\IC Desing\IC-desing\Proyecto PONG\Anteproyectos para pong\Project 7 - UART Receiver\Project 7 - UART Receiver.srcs\sources_1\new\UART_RX.sv:]
WARNING: [filemgmt 56-199] Attempt to get parsing info during refresh. "On-the-fly" syntax checking information may be incorrect. [G:\IC Desing\IC-desing\Proyecto PONG\Anteproyectos para pong\Project 7 - UART Receiver\Project 7 - UART Receiver.srcs\sources_1\new\Binary_To_7Segment.sv:]
WARNING: [filemgmt 56-199] Attempt to get parsing info during refresh. "On-the-fly" syntax checking information may be incorrect. [G:\IC Desing\IC-desing\Proyecto PONG\Anteproyectos para pong\Project 7 - UART Receiver\Project 7 - UART Receiver.srcs\sources_1\new\UART_RX.sv:]
WARNING: [filemgmt 56-199] Attempt to get parsing info during refresh. "On-the-fly" syntax checking information may be incorrect. [G:\IC Desing\IC-desing\Proyecto PONG\Anteproyectos para pong\Project 7 - UART Receiver\Project 7 - UART Receiver.srcs\sources_1\new\top.sv:]
WARNING: [filemgmt 56-199] Attempt to get parsing info during refresh. "On-the-fly" syntax checking information may be incorrect. [G:\IC Desing\IC-desing\Proyecto PONG\Anteproyectos para pong\Project 7 - UART Receiver\Project 7 - UART Receiver.srcs\sources_1\new\top.sv:]
WARNING: [filemgmt 56-199] Attempt to get parsing info during refresh. "On-the-fly" syntax checking information may be incorrect. [G:\IC Desing\IC-desing\Proyecto PONG\Anteproyectos para pong\Project 7 - UART Receiver\Project 7 - UART Receiver.srcs\sources_1\new\top.sv:]
WARNING: [filemgmt 56-199] Attempt to get parsing info during refresh. "On-the-fly" syntax checking information may be incorrect. [G:\IC Desing\IC-desing\Proyecto PONG\Anteproyectos para pong\Project 7 - UART Receiver\Project 7 - UART Receiver.srcs\sources_1\new\Binary_To_7Segment.sv:]
WARNING: [filemgmt 56-199] Attempt to get parsing info during refresh. "On-the-fly" syntax checking information may be incorrect. [G:\IC Desing\IC-desing\Proyecto PONG\Anteproyectos para pong\Project 7 - UART Receiver\Project 7 - UART Receiver.srcs\sources_1\new\UART_RX.sv:]
WARNING: [filemgmt 56-199] Attempt to get parsing info during refresh. "On-the-fly" syntax checking information may be incorrect. [G:\IC Desing\IC-desing\Proyecto PONG\Anteproyectos para pong\Project 7 - UART Receiver\Project 7 - UART Receiver.srcs\sources_1\new\top.sv:]
WARNING: [filemgmt 56-199] Attempt to get parsing info during refresh. "On-the-fly" syntax checking information may be incorrect. [G:\IC Desing\IC-desing\Proyecto PONG\Anteproyectos para pong\Project 7 - UART Receiver\Project 7 - UART Receiver.srcs\sources_1\new\UART_RX.sv:]
WARNING: [filemgmt 56-199] Attempt to get parsing info during refresh. "On-the-fly" syntax checking information may be incorrect. [G:\IC Desing\IC-desing\Proyecto PONG\Anteproyectos para pong\Project 7 - UART Receiver\Project 7 - UART Receiver.srcs\sources_1\new\UART_RX.sv:]
WARNING: [filemgmt 56-199] Attempt to get parsing info during refresh. "On-the-fly" syntax checking information may be incorrect. [G:\IC Desing\IC-desing\Proyecto PONG\Anteproyectos para pong\Project 7 - UART Receiver\Project 7 - UART Receiver.srcs\sources_1\new\Binary_To_7Segment.sv:]
WARNING: [filemgmt 56-199] Attempt to get parsing info during refresh. "On-the-fly" syntax checking information may be incorrect. [G:\IC Desing\IC-desing\Proyecto PONG\Anteproyectos para pong\Project 7 - UART Receiver\Project 7 - UART Receiver.srcs\sources_1\new\UART_RX.sv:]
WARNING: [filemgmt 56-199] Attempt to get parsing info during refresh. "On-the-fly" syntax checking information may be incorrect. [G:\IC Desing\IC-desing\Proyecto PONG\Anteproyectos para pong\Project 7 - UART Receiver\Project 7 - UART Receiver.srcs\sources_1\new\top.sv:]
WARNING: [filemgmt 56-199] Attempt to get parsing info during refresh. "On-the-fly" syntax checking information may be incorrect. [G:\IC Desing\IC-desing\Proyecto PONG\Anteproyectos para pong\Project 7 - UART Receiver\Project 7 - UART Receiver.srcs\sources_1\new\top.sv:]
WARNING: [filemgmt 56-199] Attempt to get parsing info during refresh. "On-the-fly" syntax checking information may be incorrect. [G:\IC Desing\IC-desing\Proyecto PONG\Anteproyectos para pong\Project 7 - UART Receiver\Project 7 - UART Receiver.srcs\sources_1\new\top.sv:]
reset_run synth_1
INFO: [Project 1-1161] Replacing file G:/IC Desing/IC-desing/Proyecto PONG/Anteproyectos para pong/Project 7 - UART Receiver/Project 7 - UART Receiver.srcs/utils_1/imports/synth_1/top.dcp with file G:/IC Desing/IC-desing/Proyecto PONG/Anteproyectos para pong/Project 7 - UART Receiver/Project 7 - UART Receiver.runs/synth_1/top.dcp
launch_runs synth_1 -jobs 8
[Wed Jul  9 16:13:25 2025] Launched synth_1...
Run output will be captured here: G:/IC Desing/IC-desing/Proyecto PONG/Anteproyectos para pong/Project 7 - UART Receiver/Project 7 - UART Receiver.runs/synth_1/runme.log
WARNING: [filemgmt 56-199] Attempt to get parsing info during refresh. "On-the-fly" syntax checking information may be incorrect. [G:\IC Desing\IC-desing\Proyecto PONG\Anteproyectos para pong\Project 7 - UART Receiver\Project 7 - UART Receiver.srcs\sources_1\new\Binary_To_7Segment.sv:]
WARNING: [filemgmt 56-199] Attempt to get parsing info during refresh. "On-the-fly" syntax checking information may be incorrect. [G:\IC Desing\IC-desing\Proyecto PONG\Anteproyectos para pong\Project 7 - UART Receiver\Project 7 - UART Receiver.srcs\sources_1\new\UART_RX.sv:]
WARNING: [filemgmt 56-199] Attempt to get parsing info during refresh. "On-the-fly" syntax checking information may be incorrect. [G:\IC Desing\IC-desing\Proyecto PONG\Anteproyectos para pong\Project 7 - UART Receiver\Project 7 - UART Receiver.srcs\sources_1\new\top.sv:]
WARNING: [filemgmt 56-199] Attempt to get parsing info during refresh. "On-the-fly" syntax checking information may be incorrect. [G:\IC Desing\IC-desing\Proyecto PONG\Anteproyectos para pong\Project 7 - UART Receiver\Project 7 - UART Receiver.srcs\sources_1\new\UART_RX.sv:]
WARNING: [filemgmt 56-199] Attempt to get parsing info during refresh. "On-the-fly" syntax checking information may be incorrect. [G:\IC Desing\IC-desing\Proyecto PONG\Anteproyectos para pong\Project 7 - UART Receiver\Project 7 - UART Receiver.srcs\sources_1\new\UART_RX.sv:]
WARNING: [filemgmt 56-199] Attempt to get parsing info during refresh. "On-the-fly" syntax checking information may be incorrect. [G:\IC Desing\IC-desing\Proyecto PONG\Anteproyectos para pong\Project 7 - UART Receiver\Project 7 - UART Receiver.srcs\sources_1\new\Binary_To_7Segment.sv:]
WARNING: [filemgmt 56-199] Attempt to get parsing info during refresh. "On-the-fly" syntax checking information may be incorrect. [G:\IC Desing\IC-desing\Proyecto PONG\Anteproyectos para pong\Project 7 - UART Receiver\Project 7 - UART Receiver.srcs\sources_1\new\UART_RX.sv:]
WARNING: [filemgmt 56-199] Attempt to get parsing info during refresh. "On-the-fly" syntax checking information may be incorrect. [G:\IC Desing\IC-desing\Proyecto PONG\Anteproyectos para pong\Project 7 - UART Receiver\Project 7 - UART Receiver.srcs\sources_1\new\top.sv:]
WARNING: [filemgmt 56-199] Attempt to get parsing info during refresh. "On-the-fly" syntax checking information may be incorrect. [G:\IC Desing\IC-desing\Proyecto PONG\Anteproyectos para pong\Project 7 - UART Receiver\Project 7 - UART Receiver.srcs\sources_1\new\top.sv:]
WARNING: [filemgmt 56-199] Attempt to get parsing info during refresh. "On-the-fly" syntax checking information may be incorrect. [G:\IC Desing\IC-desing\Proyecto PONG\Anteproyectos para pong\Project 7 - UART Receiver\Project 7 - UART Receiver.srcs\sources_1\new\top.sv:]
ERROR: [Common 17-180] Spawn failed: No error
launch_runs impl_1 -jobs 8
[Wed Jul  9 16:14:06 2025] Launched impl_1...
Run output will be captured here: G:/IC Desing/IC-desing/Proyecto PONG/Anteproyectos para pong/Project 7 - UART Receiver/Project 7 - UART Receiver.runs/impl_1/runme.log
launch_runs impl_1 -to_step write_bitstream -jobs 8
[Wed Jul  9 16:14:55 2025] Launched impl_1...
Run output will be captured here: G:/IC Desing/IC-desing/Proyecto PONG/Anteproyectos para pong/Project 7 - UART Receiver/Project 7 - UART Receiver.runs/impl_1/runme.log
ERROR: [Labtoolstcl 44-513] HW Target shutdown. Closing target: localhost:3121/xilinx_tcf/Digilent/210183B5A156A
INFO: [Labtoolstcl 44-466] Opening hw_target localhost:3121/xilinx_tcf/Digilent/210183B5A156A
INFO: [Labtools 27-1435] Device xc7a35t (JTAG device index = 0) is not programmed (DONE status = 0).
WARNING: [Labtoolstcl 44-129] No matching hw_ila_data was found.
ERROR: [Labtoolstcl 44-513] HW Target shutdown. Closing target: localhost:3121/xilinx_tcf/Digilent/210183B5A156A
INFO: [Labtoolstcl 44-466] Opening hw_target localhost:3121/xilinx_tcf/Digilent/210183B5A156A
INFO: [Labtools 27-1435] Device xc7a35t (JTAG device index = 0) is not programmed (DONE status = 0).
WARNING: [Labtoolstcl 44-129] No matching hw_ila_data was found.
set_property PROBES.FILE {} [get_hw_devices xc7a35t_0]
set_property FULL_PROBES.FILE {} [get_hw_devices xc7a35t_0]
set_property PROGRAM.FILE {G:/IC Desing/IC-desing/Proyecto PONG/Anteproyectos para pong/Project 7 - UART Receiver/Project 7 - UART Receiver.runs/impl_1/top.bit} [get_hw_devices xc7a35t_0]
program_hw_devices [get_hw_devices xc7a35t_0]
INFO: [Labtools 27-3164] End of startup status: HIGH
refresh_hw_device [lindex [get_hw_devices xc7a35t_0] 0]
INFO: [Labtools 27-1434] Device xc7a35t (JTAG device index = 0) is programmed with a design that has no supported debug core(s) in it.
ERROR: [Labtoolstcl 44-513] HW Target shutdown. Closing target: localhost:3121/xilinx_tcf/Digilent/210183B5A156A
INFO: [Labtoolstcl 44-466] Opening hw_target localhost:3121/xilinx_tcf/Digilent/210183B5A156A
INFO: [Labtools 27-1434] Device xc7a35t (JTAG device index = 0) is programmed with a design that has no supported debug core(s) in it.
WARNING: [Labtoolstcl 44-129] No matching hw_ila_data was found.
WARNING: [filemgmt 56-199] Attempt to get parsing info during refresh. "On-the-fly" syntax checking information may be incorrect. [G:\IC Desing\IC-desing\Proyecto PONG\Anteproyectos para pong\Project 7 - UART Receiver\Project 7 - UART Receiver.srcs\sources_1\new\Binary_To_7Segment.sv:]
WARNING: [filemgmt 56-199] Attempt to get parsing info during refresh. "On-the-fly" syntax checking information may be incorrect. [G:\IC Desing\IC-desing\Proyecto PONG\Anteproyectos para pong\Project 7 - UART Receiver\Project 7 - UART Receiver.srcs\sources_1\new\UART_RX.sv:]
WARNING: [filemgmt 56-199] Attempt to get parsing info during refresh. "On-the-fly" syntax checking information may be incorrect. [G:\IC Desing\IC-desing\Proyecto PONG\Anteproyectos para pong\Project 7 - UART Receiver\Project 7 - UART Receiver.srcs\sources_1\new\top.sv:]
WARNING: [filemgmt 56-199] Attempt to get parsing info during refresh. "On-the-fly" syntax checking information may be incorrect. [G:\IC Desing\IC-desing\Proyecto PONG\Anteproyectos para pong\Project 7 - UART Receiver\Project 7 - UART Receiver.srcs\sources_1\new\UART_RX.sv:]
WARNING: [filemgmt 56-199] Attempt to get parsing info during refresh. "On-the-fly" syntax checking information may be incorrect. [G:\IC Desing\IC-desing\Proyecto PONG\Anteproyectos para pong\Project 7 - UART Receiver\Project 7 - UART Receiver.srcs\sources_1\new\UART_RX.sv:]
WARNING: [filemgmt 56-199] Attempt to get parsing info during refresh. "On-the-fly" syntax checking information may be incorrect. [G:\IC Desing\IC-desing\Proyecto PONG\Anteproyectos para pong\Project 7 - UART Receiver\Project 7 - UART Receiver.srcs\sources_1\new\Binary_To_7Segment.sv:]
WARNING: [filemgmt 56-199] Attempt to get parsing info during refresh. "On-the-fly" syntax checking information may be incorrect. [G:\IC Desing\IC-desing\Proyecto PONG\Anteproyectos para pong\Project 7 - UART Receiver\Project 7 - UART Receiver.srcs\sources_1\new\UART_RX.sv:]
WARNING: [filemgmt 56-199] Attempt to get parsing info during refresh. "On-the-fly" syntax checking information may be incorrect. [G:\IC Desing\IC-desing\Proyecto PONG\Anteproyectos para pong\Project 7 - UART Receiver\Project 7 - UART Receiver.srcs\sources_1\new\top.sv:]
WARNING: [filemgmt 56-199] Attempt to get parsing info during refresh. "On-the-fly" syntax checking information may be incorrect. [G:\IC Desing\IC-desing\Proyecto PONG\Anteproyectos para pong\Project 7 - UART Receiver\Project 7 - UART Receiver.srcs\sources_1\new\top.sv:]
WARNING: [filemgmt 56-199] Attempt to get parsing info during refresh. "On-the-fly" syntax checking information may be incorrect. [G:\IC Desing\IC-desing\Proyecto PONG\Anteproyectos para pong\Project 7 - UART Receiver\Project 7 - UART Receiver.srcs\sources_1\new\top.sv:]
ERROR: [Common 17-180] Spawn failed: No error
WARNING: [filemgmt 56-199] Attempt to get parsing info during refresh. "On-the-fly" syntax checking information may be incorrect. [G:\IC Desing\IC-desing\Proyecto PONG\Anteproyectos para pong\Project 7 - UART Receiver\Project 7 - UART Receiver.srcs\sources_1\new\Binary_To_7Segment.sv:]
WARNING: [filemgmt 56-199] Attempt to get parsing info during refresh. "On-the-fly" syntax checking information may be incorrect. [G:\IC Desing\IC-desing\Proyecto PONG\Anteproyectos para pong\Project 7 - UART Receiver\Project 7 - UART Receiver.srcs\sources_1\new\UART_RX.sv:]
WARNING: [filemgmt 56-199] Attempt to get parsing info during refresh. "On-the-fly" syntax checking information may be incorrect. [G:\IC Desing\IC-desing\Proyecto PONG\Anteproyectos para pong\Project 7 - UART Receiver\Project 7 - UART Receiver.srcs\sources_1\new\top.sv:]
WARNING: [filemgmt 56-199] Attempt to get parsing info during refresh. "On-the-fly" syntax checking information may be incorrect. [G:\IC Desing\IC-desing\Proyecto PONG\Anteproyectos para pong\Project 7 - UART Receiver\Project 7 - UART Receiver.srcs\sources_1\new\UART_RX.sv:]
WARNING: [filemgmt 56-199] Attempt to get parsing info during refresh. "On-the-fly" syntax checking information may be incorrect. [G:\IC Desing\IC-desing\Proyecto PONG\Anteproyectos para pong\Project 7 - UART Receiver\Project 7 - UART Receiver.srcs\sources_1\new\UART_RX.sv:]
WARNING: [filemgmt 56-199] Attempt to get parsing info during refresh. "On-the-fly" syntax checking information may be incorrect. [G:\IC Desing\IC-desing\Proyecto PONG\Anteproyectos para pong\Project 7 - UART Receiver\Project 7 - UART Receiver.srcs\sources_1\new\Binary_To_7Segment.sv:]
WARNING: [filemgmt 56-199] Attempt to get parsing info during refresh. "On-the-fly" syntax checking information may be incorrect. [G:\IC Desing\IC-desing\Proyecto PONG\Anteproyectos para pong\Project 7 - UART Receiver\Project 7 - UART Receiver.srcs\sources_1\new\UART_RX.sv:]
WARNING: [filemgmt 56-199] Attempt to get parsing info during refresh. "On-the-fly" syntax checking information may be incorrect. [G:\IC Desing\IC-desing\Proyecto PONG\Anteproyectos para pong\Project 7 - UART Receiver\Project 7 - UART Receiver.srcs\sources_1\new\top.sv:]
WARNING: [filemgmt 56-199] Attempt to get parsing info during refresh. "On-the-fly" syntax checking information may be incorrect. [G:\IC Desing\IC-desing\Proyecto PONG\Anteproyectos para pong\Project 7 - UART Receiver\Project 7 - UART Receiver.srcs\sources_1\new\top.sv:]
WARNING: [filemgmt 56-199] Attempt to get parsing info during refresh. "On-the-fly" syntax checking information may be incorrect. [G:\IC Desing\IC-desing\Proyecto PONG\Anteproyectos para pong\Project 7 - UART Receiver\Project 7 - UART Receiver.srcs\sources_1\new\top.sv:]
WARNING: [filemgmt 56-199] Attempt to get parsing info during refresh. "On-the-fly" syntax checking information may be incorrect. [G:\IC Desing\IC-desing\Proyecto PONG\Anteproyectos para pong\Project 7 - UART Receiver\Project 7 - UART Receiver.srcs\sources_1\new\Binary_To_7Segment.sv:]
WARNING: [filemgmt 56-199] Attempt to get parsing info during refresh. "On-the-fly" syntax checking information may be incorrect. [G:\IC Desing\IC-desing\Proyecto PONG\Anteproyectos para pong\Project 7 - UART Receiver\Project 7 - UART Receiver.srcs\sources_1\new\UART_RX.sv:]
WARNING: [filemgmt 56-199] Attempt to get parsing info during refresh. "On-the-fly" syntax checking information may be incorrect. [G:\IC Desing\IC-desing\Proyecto PONG\Anteproyectos para pong\Project 7 - UART Receiver\Project 7 - UART Receiver.srcs\sources_1\new\top.sv:]
WARNING: [filemgmt 56-199] Attempt to get parsing info during refresh. "On-the-fly" syntax checking information may be incorrect. [G:\IC Desing\IC-desing\Proyecto PONG\Anteproyectos para pong\Project 7 - UART Receiver\Project 7 - UART Receiver.srcs\sources_1\new\UART_RX.sv:]
WARNING: [filemgmt 56-199] Attempt to get parsing info during refresh. "On-the-fly" syntax checking information may be incorrect. [G:\IC Desing\IC-desing\Proyecto PONG\Anteproyectos para pong\Project 7 - UART Receiver\Project 7 - UART Receiver.srcs\sources_1\new\UART_RX.sv:]
WARNING: [filemgmt 56-199] Attempt to get parsing info during refresh. "On-the-fly" syntax checking information may be incorrect. [G:\IC Desing\IC-desing\Proyecto PONG\Anteproyectos para pong\Project 7 - UART Receiver\Project 7 - UART Receiver.srcs\sources_1\new\Binary_To_7Segment.sv:]
WARNING: [filemgmt 56-199] Attempt to get parsing info during refresh. "On-the-fly" syntax checking information may be incorrect. [G:\IC Desing\IC-desing\Proyecto PONG\Anteproyectos para pong\Project 7 - UART Receiver\Project 7 - UART Receiver.srcs\sources_1\new\UART_RX.sv:]
WARNING: [filemgmt 56-199] Attempt to get parsing info during refresh. "On-the-fly" syntax checking information may be incorrect. [G:\IC Desing\IC-desing\Proyecto PONG\Anteproyectos para pong\Project 7 - UART Receiver\Project 7 - UART Receiver.srcs\sources_1\new\top.sv:]
WARNING: [filemgmt 56-199] Attempt to get parsing info during refresh. "On-the-fly" syntax checking information may be incorrect. [G:\IC Desing\IC-desing\Proyecto PONG\Anteproyectos para pong\Project 7 - UART Receiver\Project 7 - UART Receiver.srcs\sources_1\new\top.sv:]
WARNING: [filemgmt 56-199] Attempt to get parsing info during refresh. "On-the-fly" syntax checking information may be incorrect. [G:\IC Desing\IC-desing\Proyecto PONG\Anteproyectos para pong\Project 7 - UART Receiver\Project 7 - UART Receiver.srcs\sources_1\new\top.sv:]
reset_run synth_1
INFO: [Project 1-1161] Replacing file G:/IC Desing/IC-desing/Proyecto PONG/Anteproyectos para pong/Project 7 - UART Receiver/Project 7 - UART Receiver.srcs/utils_1/imports/synth_1/top.dcp with file G:/IC Desing/IC-desing/Proyecto PONG/Anteproyectos para pong/Project 7 - UART Receiver/Project 7 - UART Receiver.runs/synth_1/top.dcp
launch_runs impl_1 -to_step write_bitstream -jobs 8
[Wed Jul  9 16:58:01 2025] Launched synth_1...
Run output will be captured here: G:/IC Desing/IC-desing/Proyecto PONG/Anteproyectos para pong/Project 7 - UART Receiver/Project 7 - UART Receiver.runs/synth_1/runme.log
[Wed Jul  9 16:58:01 2025] Launched impl_1...
Run output will be captured here: G:/IC Desing/IC-desing/Proyecto PONG/Anteproyectos para pong/Project 7 - UART Receiver/Project 7 - UART Receiver.runs/impl_1/runme.log
WARNING: [filemgmt 56-199] Attempt to get parsing info during refresh. "On-the-fly" syntax checking information may be incorrect. [G:\IC Desing\IC-desing\Proyecto PONG\Anteproyectos para pong\Project 7 - UART Receiver\Project 7 - UART Receiver.srcs\sources_1\new\Binary_To_7Segment.sv:]
WARNING: [filemgmt 56-199] Attempt to get parsing info during refresh. "On-the-fly" syntax checking information may be incorrect. [G:\IC Desing\IC-desing\Proyecto PONG\Anteproyectos para pong\Project 7 - UART Receiver\Project 7 - UART Receiver.srcs\sources_1\new\UART_RX.sv:]
WARNING: [filemgmt 56-199] Attempt to get parsing info during refresh. "On-the-fly" syntax checking information may be incorrect. [G:\IC Desing\IC-desing\Proyecto PONG\Anteproyectos para pong\Project 7 - UART Receiver\Project 7 - UART Receiver.srcs\sources_1\new\top.sv:]
WARNING: [filemgmt 56-199] Attempt to get parsing info during refresh. "On-the-fly" syntax checking information may be incorrect. [G:\IC Desing\IC-desing\Proyecto PONG\Anteproyectos para pong\Project 7 - UART Receiver\Project 7 - UART Receiver.srcs\sources_1\new\UART_RX.sv:]
WARNING: [filemgmt 56-199] Attempt to get parsing info during refresh. "On-the-fly" syntax checking information may be incorrect. [G:\IC Desing\IC-desing\Proyecto PONG\Anteproyectos para pong\Project 7 - UART Receiver\Project 7 - UART Receiver.srcs\sources_1\new\UART_RX.sv:]
WARNING: [filemgmt 56-199] Attempt to get parsing info during refresh. "On-the-fly" syntax checking information may be incorrect. [G:\IC Desing\IC-desing\Proyecto PONG\Anteproyectos para pong\Project 7 - UART Receiver\Project 7 - UART Receiver.srcs\sources_1\new\Binary_To_7Segment.sv:]
WARNING: [filemgmt 56-199] Attempt to get parsing info during refresh. "On-the-fly" syntax checking information may be incorrect. [G:\IC Desing\IC-desing\Proyecto PONG\Anteproyectos para pong\Project 7 - UART Receiver\Project 7 - UART Receiver.srcs\sources_1\new\UART_RX.sv:]
WARNING: [filemgmt 56-199] Attempt to get parsing info during refresh. "On-the-fly" syntax checking information may be incorrect. [G:\IC Desing\IC-desing\Proyecto PONG\Anteproyectos para pong\Project 7 - UART Receiver\Project 7 - UART Receiver.srcs\sources_1\new\top.sv:]
WARNING: [filemgmt 56-199] Attempt to get parsing info during refresh. "On-the-fly" syntax checking information may be incorrect. [G:\IC Desing\IC-desing\Proyecto PONG\Anteproyectos para pong\Project 7 - UART Receiver\Project 7 - UART Receiver.srcs\sources_1\new\top.sv:]
WARNING: [filemgmt 56-199] Attempt to get parsing info during refresh. "On-the-fly" syntax checking information may be incorrect. [G:\IC Desing\IC-desing\Proyecto PONG\Anteproyectos para pong\Project 7 - UART Receiver\Project 7 - UART Receiver.srcs\sources_1\new\top.sv:]
set_property PROBES.FILE {} [get_hw_devices xc7a35t_0]
set_property FULL_PROBES.FILE {} [get_hw_devices xc7a35t_0]
set_property PROGRAM.FILE {G:/IC Desing/IC-desing/Proyecto PONG/Anteproyectos para pong/Project 7 - UART Receiver/Project 7 - UART Receiver.runs/impl_1/top.bit} [get_hw_devices xc7a35t_0]
program_hw_devices [get_hw_devices xc7a35t_0]
INFO: [Labtools 27-3164] End of startup status: HIGH
refresh_hw_device [lindex [get_hw_devices xc7a35t_0] 0]
INFO: [Labtools 27-1434] Device xc7a35t (JTAG device index = 0) is programmed with a design that has no supported debug core(s) in it.
exit
INFO: [Common 17-206] Exiting Vivado at Wed Jul  9 17:01:25 2025...
